Using pre-set license
Built from '2021.3/staging' branch; Version is '2021.3.21f1 (1b156197d683) revision 1774945'; Using compiler version '192829333'; Build Type 'Release'
OS: 'Windows 10  (10.0.19044) 64bit Professional' Language: 'ko' Physical Memory: 7926 MB
BatchMode: 1, IsHumanControllingUs: 0, StartBugReporterOnCrash: 0, Is64bit: 1, IsPro: 1

COMMAND LINE ARGUMENTS:
C:\Program Files\Unity\Hub\Editor\2021.3.21f1\Editor\Unity.exe
-adb2
-batchMode
-noUpm
-name
AssetImportWorker0
-projectPath
C:/Users/ju/Documents/GitHub/3-phase/3phase new
-logFile
Logs/AssetImportWorker0.log
-srvPort
2138
Successfully changed project path to: C:/Users/ju/Documents/GitHub/3-phase/3phase new
C:/Users/ju/Documents/GitHub/3-phase/3phase new
[UnityMemory] Configuration Parameters - Can be set up in boot.config
    "memorysetup-bucket-allocator-granularity=16"
    "memorysetup-bucket-allocator-bucket-count=8"
    "memorysetup-bucket-allocator-block-size=33554432"
    "memorysetup-bucket-allocator-block-count=8"
    "memorysetup-main-allocator-block-size=16777216"
    "memorysetup-thread-allocator-block-size=16777216"
    "memorysetup-gfx-main-allocator-block-size=16777216"
    "memorysetup-gfx-thread-allocator-block-size=16777216"
    "memorysetup-cache-allocator-block-size=4194304"
    "memorysetup-typetree-allocator-block-size=2097152"
    "memorysetup-profiler-bucket-allocator-granularity=16"
    "memorysetup-profiler-bucket-allocator-bucket-count=8"
    "memorysetup-profiler-bucket-allocator-block-size=33554432"
    "memorysetup-profiler-bucket-allocator-block-count=8"
    "memorysetup-profiler-allocator-block-size=16777216"
    "memorysetup-profiler-editor-allocator-block-size=1048576"
    "memorysetup-temp-allocator-size-main=16777216"
    "memorysetup-job-temp-allocator-block-size=2097152"
    "memorysetup-job-temp-allocator-block-size-background=1048576"
    "memorysetup-job-temp-allocator-reduction-small-platforms=262144"
    "memorysetup-temp-allocator-size-background-worker=32768"
    "memorysetup-temp-allocator-size-job-worker=262144"
    "memorysetup-temp-allocator-size-preload-manager=33554432"
    "memorysetup-temp-allocator-size-nav-mesh-worker=65536"
    "memorysetup-temp-allocator-size-audio-worker=65536"
    "memorysetup-temp-allocator-size-cloud-worker=32768"
    "memorysetup-temp-allocator-size-gi-baking-worker=262144"
    "memorysetup-temp-allocator-size-gfx=262144"
Player connection [13604] Host "[IP] 192.168.80.1 [Port] 0 [Flags] 2 [Guid] 3603765951 [EditorId] 3603765951 [Version] 1048832 [Id] WindowsEditor(7,DESKTOP-37IOOP0) [Debug] 1 [PackageName] WindowsEditor [ProjectName] Editor" joined multi-casting on [225.0.0.222:54997]...

Player connection [13604] Host "[IP] 192.168.80.1 [Port] 0 [Flags] 2 [Guid] 3603765951 [EditorId] 3603765951 [Version] 1048832 [Id] WindowsEditor(7,DESKTOP-37IOOP0) [Debug] 1 [PackageName] WindowsEditor [ProjectName] Editor" joined alternative multi-casting on [225.0.0.222:34997]...

Refreshing native plugins compatible for Editor in 272.18 ms, found 3 plugins.
Preloading 0 native plugins for Editor in 0.00 ms.
Initialize engine version: 2021.3.21f1 (1b156197d683)
[Subsystems] Discovering subsystems at path C:/Program Files/Unity/Hub/Editor/2021.3.21f1/Editor/Data/Resources/UnitySubsystems
[Subsystems] Discovering subsystems at path C:/Users/ju/Documents/GitHub/3-phase/3phase new/Assets
GfxDevice: creating device client; threaded=0; jobified=0
Direct3D:
    Version:  Direct3D 11.0 [level 11.1]
    Renderer: Intel(R) Iris(R) Plus Graphics (ID=0x8a52)
    Vendor:   Intel
    VRAM:     3963 MB
    Driver:   27.20.100.9510
Initialize mono
Mono path[0] = 'C:/Program Files/Unity/Hub/Editor/2021.3.21f1/Editor/Data/Managed'
Mono path[1] = 'C:/Program Files/Unity/Hub/Editor/2021.3.21f1/Editor/Data/MonoBleedingEdge/lib/mono/unityjit-win32'
Mono config path = 'C:/Program Files/Unity/Hub/Editor/2021.3.21f1/Editor/Data/MonoBleedingEdge/etc'
Using monoOptions --debugger-agent=transport=dt_socket,embedding=1,server=y,suspend=n,address=127.0.0.1:56804
Begin MonoManager ReloadAssembly
Registering precompiled unity dll's ...
Register platform support module: C:/Program Files/Unity/Hub/Editor/2021.3.21f1/Editor/Data/PlaybackEngines/WebGLSupport/UnityEditor.WebGL.Extensions.dll
Register platform support module: C:/Program Files/Unity/Hub/Editor/2021.3.21f1/Editor/Data/PlaybackEngines/WindowsStandaloneSupport/UnityEditor.WindowsStandalone.Extensions.dll
Registered in 0.063512 seconds.
Native extension for WindowsStandalone target not found
Native extension for WebGL target not found
Refreshing native plugins compatible for Editor in 206.71 ms, found 3 plugins.
Preloading 0 native plugins for Editor in 0.00 ms.
Mono: successfully reloaded assembly
- Completed reload, in  2.577 seconds
Domain Reload Profiling:
	ReloadAssembly (2578ms)
		BeginReloadAssembly (410ms)
			ExecutionOrderSort (0ms)
			DisableScriptedObjects (0ms)
			BackupInstance (0ms)
			ReleaseScriptingObjects (0ms)
			CreateAndSetChildDomain (2ms)
		EndReloadAssembly (1718ms)
			LoadAssemblies (402ms)
			RebuildTransferFunctionScriptingTraits (0ms)
			SetupTypeCache (412ms)
			ReleaseScriptCaches (0ms)
			RebuildScriptCaches (100ms)
			SetupLoadedEditorAssemblies (1003ms)
				LogAssemblyErrors (0ms)
				InitializePlatformSupportModulesInManaged (45ms)
				SetLoadedEditorAssemblies (2ms)
				RefreshPlugins (207ms)
				BeforeProcessingInitializeOnLoad (3ms)
				ProcessInitializeOnLoadAttributes (599ms)
				ProcessInitializeOnLoadMethodAttributes (147ms)
				AfterProcessingInitializeOnLoad (0ms)
				EditorAssembliesLoaded (0ms)
			ExecutionOrderSort2 (0ms)
			AwakeInstancesAfterBackupRestoration (0ms)
Platform modules already initialized, skipping
Registering precompiled user dll's ...
Registered in 0.034005 seconds.
Begin MonoManager ReloadAssembly
Symbol file LoadedFromMemory doesn't match image C:\Users\ju\Documents\GitHub\3-phase\3phase new\Library\PackageCache\com.unity.visualscripting@1.8.0\Editor\VisualScripting.Core\Dependencies\YamlDotNet\Unity.VisualScripting.YamlDotNet.dll
Symbol file LoadedFromMemory doesn't match image C:\Users\ju\Documents\GitHub\3-phase\3phase new\Library\PackageCache\com.unity.visualscripting@1.8.0\Editor\VisualScripting.Core\Dependencies\DotNetZip\Unity.VisualScripting.IonicZip.dll
Native extension for WindowsStandalone target not found
Native extension for WebGL target not found
Refreshing native plugins compatible for Editor in 1.36 ms, found 3 plugins.
Preloading 0 native plugins for Editor in 0.00 ms.
Mono: successfully reloaded assembly
- Completed reload, in  3.966 seconds
Domain Reload Profiling:
	ReloadAssembly (3969ms)
		BeginReloadAssembly (611ms)
			ExecutionOrderSort (0ms)
			DisableScriptedObjects (22ms)
			BackupInstance (0ms)
			ReleaseScriptingObjects (0ms)
			CreateAndSetChildDomain (67ms)
		EndReloadAssembly (2824ms)
			LoadAssemblies (548ms)
			RebuildTransferFunctionScriptingTraits (0ms)
			SetupTypeCache (896ms)
			ReleaseScriptCaches (1ms)
			RebuildScriptCaches (142ms)
			SetupLoadedEditorAssemblies (1114ms)
				LogAssemblyErrors (0ms)
				InitializePlatformSupportModulesInManaged (42ms)
				SetLoadedEditorAssemblies (1ms)
				RefreshPlugins (2ms)
				BeforeProcessingInitializeOnLoad (359ms)
				ProcessInitializeOnLoadAttributes (595ms)
				ProcessInitializeOnLoadMethodAttributes (51ms)
				AfterProcessingInitializeOnLoad (64ms)
				EditorAssembliesLoaded (1ms)
			ExecutionOrderSort2 (0ms)
			AwakeInstancesAfterBackupRestoration (52ms)
Platform modules already initialized, skipping
========================================================================
Worker process is ready to serve import requests
Launched and connected shader compiler UnityShaderCompiler.exe after 0.22 seconds
Refreshing native plugins compatible for Editor in 1.01 ms, found 3 plugins.
Preloading 0 native plugins for Editor in 0.00 ms.
Unloading 3050 Unused Serialized files (Serialized files now loaded: 0)
Unloading 24 unused Assets / (113.8 KB). Loaded Objects now: 3515.
Memory consumption went from 109.7 MB to 109.6 MB.
Total: 6.662900 ms (FindLiveObjects: 0.437400 ms CreateObjectMapping: 0.286700 ms MarkObjects: 5.673000 ms  DeleteObjects: 0.263100 ms)

AssetImportParameters requested are different than current active one (requested -> active):
  custom:video-decoder-ogg-theora: a1e56fd34408186e4bbccfd4996cb3dc -> 
  custom:container-muxer-webm: aa71ff27fc2769a1b78a27578f13a17b -> 
  custom:container-demuxer-webm: 4f35f7cbe854078d1ac9338744f61a02 -> 
  custom:video-encoder-webm-vp8: eb34c28f22e8b96e1ab97ce403110664 -> 
  custom:audio-encoder-webm-vorbis: bf7c407c2cedff20999df2af8eb42d56 -> 
  custom:framework-win-MediaFoundation: 216162199b28c13a410421893ffa2e32 -> 
  custom:container-demuxer-ogg: 62fdf1f143b41e24485cea50d1cbac27 -> 
  custom:video-decoder-webm-vp8: 9c59270c3fd7afecdb556c50c9e8de78 -> 
  custom:audio-decoder-ogg-vorbis: bf7c407c2cedff20999df2af8eb42d56 -> 
========================================================================
Received Import Request.
  Time since last request: 245131.279619 seconds.
  path: Assets/red.mat
  artifactKey: Guid(4366d861c087c754ca924cfa75f3cd09) Importer(815301076,1909f56bfc062723c751e8b465ee728b)
Start importing Assets/red.mat using Guid(4366d861c087c754ca924cfa75f3cd09) Importer(815301076,1909f56bfc062723c751e8b465ee728b)  -> (artifact id: 'e47f21026fbee5a0ce36a6e6a7283772') in 0.543950 seconds 
========================================================================
Received Import Request.
  Time since last request: 42.410894 seconds.
  path: Assets/RPG Pack/DemoSceneSettings.lighting
  artifactKey: Guid(cebf052be255841469f646d93bc80cd6) Importer(815301076,1909f56bfc062723c751e8b465ee728b)
Start importing Assets/RPG Pack/DemoSceneSettings.lighting using Guid(cebf052be255841469f646d93bc80cd6) Importer(815301076,1909f56bfc062723c751e8b465ee728b) LightingSettings: switching bake backend from 1 to 0.
 -> (artifact id: 'd57dc369202a7e569ca663b504e80de0') in 0.033396 seconds 
========================================================================
Received Import Request.
  Time since last request: 0.100088 seconds.
  path: Assets/RPG Pack/Textures/Bottles_spec.png
  artifactKey: Guid(a4fc04af690224847af00347b5ed9d23) Importer(815301076,1909f56bfc062723c751e8b465ee728b)
Start importing Assets/RPG Pack/Textures/Bottles_spec.png using Guid(a4fc04af690224847af00347b5ed9d23) Importer(815301076,1909f56bfc062723c751e8b465ee728b)  -> (artifact id: '99bd8ef086606fdba00a4678fb6db7d8') in 0.121834 seconds 
========================================================================
Received Import Request.
  Time since last request: 0.024955 seconds.
  path: Assets/RPG Pack/Textures/BoxOfPandora_diffuse.png
  artifactKey: Guid(ebb57d4ee979f0f468fd27daa88b3179) Importer(815301076,1909f56bfc062723c751e8b465ee728b)
Start importing Assets/RPG Pack/Textures/BoxOfPandora_diffuse.png using Guid(ebb57d4ee979f0f468fd27daa88b3179) Importer(815301076,1909f56bfc062723c751e8b465ee728b)  -> (artifact id: '63434ef5f36a2986b2896e2fa9738571') in 0.054286 seconds 
========================================================================
Received Import Request.
  Time since last request: 0.030024 seconds.
  path: Assets/RPG Pack/Animations/BoxCrashAC.controller
  artifactKey: Guid(1c551291519cd624eb9004fa49d4eb34) Importer(815301076,1909f56bfc062723c751e8b465ee728b)
Start importing Assets/RPG Pack/Animations/BoxCrashAC.controller using Guid(1c551291519cd624eb9004fa49d4eb34) Importer(815301076,1909f56bfc062723c751e8b465ee728b)  -> (artifact id: '57fd0d42152a25a7b662896cb40412e3') in 0.045536 seconds 
========================================================================
Received Import Request.
  Time since last request: 0.038569 seconds.
  path: Assets/RPG Pack/Animations/ItemsAC.controller
  artifactKey: Guid(972a6bb97057f2644a0b8ce0a4b89e68) Importer(815301076,1909f56bfc062723c751e8b465ee728b)
Start importing Assets/RPG Pack/Animations/ItemsAC.controller using Guid(972a6bb97057f2644a0b8ce0a4b89e68) Importer(815301076,1909f56bfc062723c751e8b465ee728b)  -> (artifact id: '4e45e9e9306a63e9afeb47aa1e0ee350') in 0.023110 seconds 
========================================================================
Received Import Request.
  Time since last request: 0.014992 seconds.
  path: Assets/RPG Pack/DemoScene.unity
  artifactKey: Guid(b672e85a7d0caec4e9d4eb2ab05509fb) Importer(815301076,1909f56bfc062723c751e8b465ee728b)
Start importing Assets/RPG Pack/DemoScene.unity using Guid(b672e85a7d0caec4e9d4eb2ab05509fb) Importer(815301076,1909f56bfc062723c751e8b465ee728b)  -> (artifact id: 'ba68d9633f1bf1bf1b64f3c3984de78c') in 0.022231 seconds 
========================================================================
Received Import Request.
  Time since last request: 0.009619 seconds.
  path: Assets/RPG Pack/Materials
  artifactKey: Guid(787515ccff1baef4db732551574590ea) Importer(815301076,1909f56bfc062723c751e8b465ee728b)
Start importing Assets/RPG Pack/Materials using Guid(787515ccff1baef4db732551574590ea) Importer(815301076,1909f56bfc062723c751e8b465ee728b)  -> (artifact id: '92cd2a9c5759c6603c30568e15e315e6') in 0.021816 seconds 
========================================================================
Received Import Request.
  Time since last request: 0.029919 seconds.
  path: Assets/RPG Pack/Models/Bottles/bottle_green.FBX
  artifactKey: Guid(73c33de544278cc40862c8e46858e7fd) Importer(815301076,1909f56bfc062723c751e8b465ee728b)
Start importing Assets/RPG Pack/Models/Bottles/bottle_green.FBX using Guid(73c33de544278cc40862c8e46858e7fd) Importer(815301076,1909f56bfc062723c751e8b465ee728b)  -> (artifact id: 'bbc6b7cce92f7b131ea2c9f7cce86939') in 0.304981 seconds 
========================================================================
Received Import Request.
  Time since last request: 0.046332 seconds.
  path: Assets/RPG Pack/Materials/Bottle_red.mat
  artifactKey: Guid(13dcb46a756acb54487e0e6e6ad96506) Importer(815301076,1909f56bfc062723c751e8b465ee728b)
Start importing Assets/RPG Pack/Materials/Bottle_red.mat using Guid(13dcb46a756acb54487e0e6e6ad96506) Importer(815301076,1909f56bfc062723c751e8b465ee728b)  -> (artifact id: 'cb3859c47e9370f1abb4f3db15f5abab') in 0.061048 seconds 
========================================================================
Received Import Request.
  Time since last request: 0.040871 seconds.
  path: Assets/RPG Pack/Models/Box.FBX
  artifactKey: Guid(bf5c3e0cc8f27e44fa80b78fbca7ac1a) Importer(815301076,1909f56bfc062723c751e8b465ee728b)
Start importing Assets/RPG Pack/Models/Box.FBX using Guid(bf5c3e0cc8f27e44fa80b78fbca7ac1a) Importer(815301076,1909f56bfc062723c751e8b465ee728b)  -> (artifact id: '14e0ff84e0a57aee284cc1dc89bf47c7') in 0.276189 seconds 
========================================================================
Received Import Request.
  Time since last request: 0.029659 seconds.
  path: Assets/RPG Pack/Textures/Dust_particles.tif
  artifactKey: Guid(2ad70170f6ff89d468e5694143176d6b) Importer(815301076,1909f56bfc062723c751e8b465ee728b)
Start importing Assets/RPG Pack/Textures/Dust_particles.tif using Guid(2ad70170f6ff89d468e5694143176d6b) Importer(815301076,1909f56bfc062723c751e8b465ee728b)  -> (artifact id: '772c76c224c42a84033d2d1f059640f2') in 0.073886 seconds 
========================================================================
Received Import Request.
  Time since last request: 0.053351 seconds.
  path: Assets/RPG Pack/Materials/Bottle_green.mat
  artifactKey: Guid(fb276041f4776ba4ca924be1e46d1148) Importer(815301076,1909f56bfc062723c751e8b465ee728b)
Start importing Assets/RPG Pack/Materials/Bottle_green.mat using Guid(fb276041f4776ba4ca924be1e46d1148) Importer(815301076,1909f56bfc062723c751e8b465ee728b)  -> (artifact id: 'd6b404552d25371bea9b75b8a91ea438') in 0.046549 seconds 
========================================================================
Received Import Request.
  Time since last request: 0.015703 seconds.
  path: Assets/RPG Pack/Materials/Coin.mat
  artifactKey: Guid(78e53f773c1253e42a517e179f18734b) Importer(815301076,1909f56bfc062723c751e8b465ee728b)
Start importing Assets/RPG Pack/Materials/Coin.mat using Guid(78e53f773c1253e42a517e179f18734b) Importer(815301076,1909f56bfc062723c751e8b465ee728b)  -> (artifact id: '6a5e2ddb88bbd94e5bfd10484eca909c') in 0.085578 seconds 
========================================================================
Received Import Request.
  Time since last request: 0.013171 seconds.
  path: Assets/RPG Pack/Textures/Bottle_blue_diff.png
  artifactKey: Guid(6f8c6a1b959adeb42bf8f42c22d4cf40) Importer(815301076,1909f56bfc062723c751e8b465ee728b)
Start importing Assets/RPG Pack/Textures/Bottle_blue_diff.png using Guid(6f8c6a1b959adeb42bf8f42c22d4cf40) Importer(815301076,1909f56bfc062723c751e8b465ee728b)  -> (artifact id: '38411e5047906fa871c2c4061524bae2') in 0.034397 seconds 
========================================================================
Received Import Request.
  Time since last request: 0.017003 seconds.
  path: Assets/RPG Pack/Textures/Bottle_green_diff.png
  artifactKey: Guid(11ff914debcea7740925ff23943318d9) Importer(815301076,1909f56bfc062723c751e8b465ee728b)
Start importing Assets/RPG Pack/Textures/Bottle_green_diff.png using Guid(11ff914debcea7740925ff23943318d9) Importer(815301076,1909f56bfc062723c751e8b465ee728b)  -> (artifact id: 'c0398f21c20b50d02ff9429d4d555a97') in 0.033185 seconds 
========================================================================
Received Import Request.
  Time since last request: 0.017798 seconds.
  path: Assets/RPG Pack/Models/Bottles/bottle_red.FBX
  artifactKey: Guid(887a534051bdbf449b6fc141de3d5c53) Importer(815301076,1909f56bfc062723c751e8b465ee728b)
Start importing Assets/RPG Pack/Models/Bottles/bottle_red.FBX using Guid(887a534051bdbf449b6fc141de3d5c53) Importer(815301076,1909f56bfc062723c751e8b465ee728b)  -> (artifact id: '521d862d0840bc424e5091b74cb81837') in 0.050116 seconds 
========================================================================
Received Import Request.
  Time since last request: 0.033535 seconds.
  path: Assets/RPG Pack/Textures/Bottle_red_diff.png
  artifactKey: Guid(38daf72cb2e0ac0408f28c0cd87a00cf) Importer(815301076,1909f56bfc062723c751e8b465ee728b)
Start importing Assets/RPG Pack/Textures/Bottle_red_diff.png using Guid(38daf72cb2e0ac0408f28c0cd87a00cf) Importer(815301076,1909f56bfc062723c751e8b465ee728b)  -> (artifact id: 'c4335b2797d3d6c411651533b46924fc') in 0.035578 seconds 
========================================================================
Received Import Request.
  Time since last request: 0.040010 seconds.
  path: Assets/RPG Pack/Materials/Bottle_yellow.mat
  artifactKey: Guid(54525619747fd944892b8baea4a96bbe) Importer(815301076,1909f56bfc062723c751e8b465ee728b)
Start importing Assets/RPG Pack/Materials/Bottle_yellow.mat using Guid(54525619747fd944892b8baea4a96bbe) Importer(815301076,1909f56bfc062723c751e8b465ee728b)  -> (artifact id: '916f07dea655b3ba3b42a5bb76eb5107') in 0.045354 seconds 
========================================================================
Received Import Request.
  Time since last request: 0.014280 seconds.
  path: Assets/RPG Pack/Models/Bottles/bottle_blue.FBX
  artifactKey: Guid(da8a393ba24fc6f49842d87b0937b84d) Importer(815301076,1909f56bfc062723c751e8b465ee728b)
Start importing Assets/RPG Pack/Models/Bottles/bottle_blue.FBX using Guid(da8a393ba24fc6f49842d87b0937b84d) Importer(815301076,1909f56bfc062723c751e8b465ee728b)  -> (artifact id: 'b8c9a471ddfc21ce52681d584132c9e8') in 0.050209 seconds 
========================================================================
Received Import Request.
  Time since last request: 0.148515 seconds.
  path: Assets/RPG Pack/Animations
  artifactKey: Guid(f94f989dc8ba8dc4fb3553994eddd642) Importer(815301076,1909f56bfc062723c751e8b465ee728b)
Start importing Assets/RPG Pack/Animations using Guid(f94f989dc8ba8dc4fb3553994eddd642) Importer(815301076,1909f56bfc062723c751e8b465ee728b)  -> (artifact id: 'b2d67e1d14e2f2abd6ff30f59a2572c7') in 0.018293 seconds 
========================================================================
Received Import Request.
  Time since last request: 0.007724 seconds.
  path: Assets/RPG Pack/Materials/Dust_particles.mat
  artifactKey: Guid(566428f457572c249a5ec48d349f2488) Importer(815301076,1909f56bfc062723c751e8b465ee728b)
Start importing Assets/RPG Pack/Materials/Dust_particles.mat using Guid(566428f457572c249a5ec48d349f2488) Importer(815301076,1909f56bfc062723c751e8b465ee728b)  -> (artifact id: '516ecc5e171a11086c194cb0d9b18dea') in 0.033218 seconds 
========================================================================
Received Import Request.
  Time since last request: 0.016515 seconds.
  path: Assets/MoveToTarget.cs
  artifactKey: Guid(20c725f959788a94b80ed07b70984333) Importer(815301076,1909f56bfc062723c751e8b465ee728b)
Start importing Assets/MoveToTarget.cs using Guid(20c725f959788a94b80ed07b70984333) Importer(815301076,1909f56bfc062723c751e8b465ee728b)  -> (artifact id: '34b39f4ff4b0a8e8a2cc78a974de02bd') in 0.062072 seconds 
========================================================================
Received Import Request.
  Time since last request: 0.009191 seconds.
  path: Assets/RPG Pack/Textures/star.png
  artifactKey: Guid(825ca8510f66cbf4cbef2df54bedb8a9) Importer(815301076,1909f56bfc062723c751e8b465ee728b)
Start importing Assets/RPG Pack/Textures/star.png using Guid(825ca8510f66cbf4cbef2df54bedb8a9) Importer(815301076,1909f56bfc062723c751e8b465ee728b)  -> (artifact id: 'b7868f61061d7e76fdb067f008edc623') in 0.037974 seconds 
========================================================================
Received Import Request.
  Time since last request: 0.062420 seconds.
  path: Assets/RPG Pack/Prefabs
  artifactKey: Guid(c1d1fd12bd047fd45a1bf43d24d5b38b) Importer(815301076,1909f56bfc062723c751e8b465ee728b)
Start importing Assets/RPG Pack/Prefabs using Guid(c1d1fd12bd047fd45a1bf43d24d5b38b) Importer(815301076,1909f56bfc062723c751e8b465ee728b)  -> (artifact id: '41ab8176bc4b0d4dff7103273143a69c') in 0.019843 seconds 
========================================================================
Received Import Request.
  Time since last request: 0.055349 seconds.
  path: Assets/RPG Pack/Materials/Stars_particles.mat
  artifactKey: Guid(f47e41e4ec1f46641a912dd7f8b381d9) Importer(815301076,1909f56bfc062723c751e8b465ee728b)
Start importing Assets/RPG Pack/Materials/Stars_particles.mat using Guid(f47e41e4ec1f46641a912dd7f8b381d9) Importer(815301076,1909f56bfc062723c751e8b465ee728b)  -> (artifact id: '86fd142a0346e6a41f5d929e6b6de259') in 0.041428 seconds 
========================================================================
Received Import Request.
  Time since last request: 0.033893 seconds.
  path: Assets/Scenes/SampleScene.unity
  artifactKey: Guid(9fc0d4010bbf28b4594072e72b8655ab) Importer(815301076,1909f56bfc062723c751e8b465ee728b)
Start importing Assets/Scenes/SampleScene.unity using Guid(9fc0d4010bbf28b4594072e72b8655ab) Importer(815301076,1909f56bfc062723c751e8b465ee728b)  -> (artifact id: '52d5779ab68bedbcf523c0dee43f4a52') in 0.020456 seconds 
========================================================================
Received Import Request.
  Time since last request: 0.053049 seconds.
  path: Assets/RPG Pack/Models/Coin.FBX
  artifactKey: Guid(242d0c84f77361d4abc018c8b39c5d92) Importer(815301076,1909f56bfc062723c751e8b465ee728b)
Start importing Assets/RPG Pack/Models/Coin.FBX using Guid(242d0c84f77361d4abc018c8b39c5d92) Importer(815301076,1909f56bfc062723c751e8b465ee728b)  -> (artifact id: '78e9167bc7a04d2d8a970e9391feed12') in 0.049422 seconds 
========================================================================
Received Import Request.
  Time since last request: 0.008032 seconds.
  path: Assets/RPG Pack/Models
  artifactKey: Guid(c68ca6f52e8c95e42a0038f569350940) Importer(815301076,1909f56bfc062723c751e8b465ee728b)
Start importing Assets/RPG Pack/Models using Guid(c68ca6f52e8c95e42a0038f569350940) Importer(815301076,1909f56bfc062723c751e8b465ee728b)  -> (artifact id: '3996f025a1a66c334d5e166cd38d2602') in 0.020886 seconds 
========================================================================
Received Import Request.
  Time since last request: 0.065889 seconds.
  path: Assets/RPG Pack/Textures/sprite_radiance.tif
  artifactKey: Guid(ef5ae37d99296fc4d8dd2bc52828f008) Importer(815301076,1909f56bfc062723c751e8b465ee728b)
Start importing Assets/RPG Pack/Textures/sprite_radiance.tif using Guid(ef5ae37d99296fc4d8dd2bc52828f008) Importer(815301076,1909f56bfc062723c751e8b465ee728b)  -> (artifact id: 'b0f70d8589fdb8b0d1531bcfda65b205') in 0.041007 seconds 
========================================================================
Received Import Request.
  Time since last request: 0.013290 seconds.
  path: Assets/RPG Pack
  artifactKey: Guid(c0b407376cb4ca64585f6ef54501cd25) Importer(815301076,1909f56bfc062723c751e8b465ee728b)
Start importing Assets/RPG Pack using Guid(c0b407376cb4ca64585f6ef54501cd25) Importer(815301076,1909f56bfc062723c751e8b465ee728b)  -> (artifact id: '73e172b99fd71ee4f05947ec4a033bbd') in 0.023511 seconds 
========================================================================
Received Import Request.
  Time since last request: 0.028928 seconds.
  path: Assets/RPG Pack/Textures
  artifactKey: Guid(a7ecc28292d894549b3f819677754859) Importer(815301076,1909f56bfc062723c751e8b465ee728b)
Start importing Assets/RPG Pack/Textures using Guid(a7ecc28292d894549b3f819677754859) Importer(815301076,1909f56bfc062723c751e8b465ee728b)  -> (artifact id: '557de9bcebca456b2022365cb13eed55') in 0.022532 seconds 
========================================================================
Received Import Request.
  Time since last request: 0.013446 seconds.
  path: Assets/RPG Pack/Materials/Box_Of_Pandora.mat
  artifactKey: Guid(3f6e773f4260ae14f907c9819b40b281) Importer(815301076,1909f56bfc062723c751e8b465ee728b)
Start importing Assets/RPG Pack/Materials/Box_Of_Pandora.mat using Guid(3f6e773f4260ae14f907c9819b40b281) Importer(815301076,1909f56bfc062723c751e8b465ee728b)  -> (artifact id: '95cc6fa5805e08999877ecdb52a4210b') in 0.043723 seconds 
========================================================================
Received Import Request.
  Time since last request: 0.019227 seconds.
  path: Assets/RPG Pack/Textures/Coin_normals.png
  artifactKey: Guid(e7c7ff0ad5317aa49aec0dd4869d621c) Importer(815301076,1909f56bfc062723c751e8b465ee728b)
Start importing Assets/RPG Pack/Textures/Coin_normals.png using Guid(e7c7ff0ad5317aa49aec0dd4869d621c) Importer(815301076,1909f56bfc062723c751e8b465ee728b)  -> (artifact id: '4897a0be4f784b4e57b630126a7b8a9f') in 0.053315 seconds 
========================================================================
Received Import Request.
  Time since last request: 0.012354 seconds.
  path: Assets/RPG Pack/Textures/Bottles_normal.png
  artifactKey: Guid(c8e2cfcbf9c39d847a864ff5716625a2) Importer(815301076,1909f56bfc062723c751e8b465ee728b)
Start importing Assets/RPG Pack/Textures/Bottles_normal.png using Guid(c8e2cfcbf9c39d847a864ff5716625a2) Importer(815301076,1909f56bfc062723c751e8b465ee728b)  -> (artifact id: '8a5cb06afee8cf66400e3bc66f1b2a30') in 0.036498 seconds 
========================================================================
Received Import Request.
  Time since last request: 0.016416 seconds.
  path: Assets/RPG Pack/Models/Bottles
  artifactKey: Guid(b35dac8b2b787b04b8a7e7954ba91d3d) Importer(815301076,1909f56bfc062723c751e8b465ee728b)
Start importing Assets/RPG Pack/Models/Bottles using Guid(b35dac8b2b787b04b8a7e7954ba91d3d) Importer(815301076,1909f56bfc062723c751e8b465ee728b)  -> (artifact id: '3b890e2854734fa1dd0a1e079c66c894') in 0.020513 seconds 
========================================================================
Received Import Request.
  Time since last request: 0.102105 seconds.
  path: Assets/RPG Pack/Prefabs/Bottle_Endurance.prefab
  artifactKey: Guid(11e31a2ebb4e6e246bcf8c0ba034a031) Importer(815301076,1909f56bfc062723c751e8b465ee728b)
Start importing Assets/RPG Pack/Prefabs/Bottle_Endurance.prefab using Guid(11e31a2ebb4e6e246bcf8c0ba034a031) Importer(815301076,1909f56bfc062723c751e8b465ee728b)  -> (artifact id: '9bc469994e967450ce915db7504e8eac') in 0.077609 seconds 
========================================================================
Received Import Request.
  Time since last request: 0.090620 seconds.
  path: Assets/CoinMove.cs
  artifactKey: Guid(8eeafac3f206ca846bc18c05574d335e) Importer(815301076,1909f56bfc062723c751e8b465ee728b)
Start importing Assets/CoinMove.cs using Guid(8eeafac3f206ca846bc18c05574d335e) Importer(815301076,1909f56bfc062723c751e8b465ee728b)  -> (artifact id: 'e6ead6a18728fde9cb97770314d76a99') in 0.018970 seconds 
========================================================================
Received Import Request.
  Time since last request: 0.012368 seconds.
  path: Assets/RPG Pack/Animations/BoxIdleAC.controller
  artifactKey: Guid(b79f87718dae8f840b98142eef90b118) Importer(815301076,1909f56bfc062723c751e8b465ee728b)
Start importing Assets/RPG Pack/Animations/BoxIdleAC.controller using Guid(b79f87718dae8f840b98142eef90b118) Importer(815301076,1909f56bfc062723c751e8b465ee728b)  -> (artifact id: '6cd5b28f17171cb0cef0e70b6bb0b041') in 0.024832 seconds 
========================================================================
Received Import Request.
  Time since last request: 0.018431 seconds.
  path: Assets/RPG Pack/Materials/Glow_particles.mat
  artifactKey: Guid(40d4c3afc57e51f4ea3afcc23e8db70c) Importer(815301076,1909f56bfc062723c751e8b465ee728b)
Start importing Assets/RPG Pack/Materials/Glow_particles.mat using Guid(40d4c3afc57e51f4ea3afcc23e8db70c) Importer(815301076,1909f56bfc062723c751e8b465ee728b)  -> (artifact id: '06ef2289044b1c94d4157cfd7028bcad') in 0.044161 seconds 
========================================================================
Received Import Request.
  Time since last request: 0.037211 seconds.
  path: Assets/RPG Pack/Prefabs/Coin.prefab
  artifactKey: Guid(5142a683d65bbf84abea6f07db9099c7) Importer(815301076,1909f56bfc062723c751e8b465ee728b)
Start importing Assets/RPG Pack/Prefabs/Coin.prefab using Guid(5142a683d65bbf84abea6f07db9099c7) Importer(815301076,1909f56bfc062723c751e8b465ee728b)  -> (artifact id: '5c8f3dc0c0098b3b64a0423d7c4baca2') in 0.040743 seconds 
========================================================================
Received Import Request.
  Time since last request: 0.024792 seconds.
  path: Assets/RPG Pack/Animations/BoxOfPandora_Idle.anim
  artifactKey: Guid(9f766eb0e8fc6c74ba1b27fe388f4057) Importer(815301076,1909f56bfc062723c751e8b465ee728b)
Start importing Assets/RPG Pack/Animations/BoxOfPandora_Idle.anim using Guid(9f766eb0e8fc6c74ba1b27fe388f4057) Importer(815301076,1909f56bfc062723c751e8b465ee728b)  -> (artifact id: '01657f2fac6f3d5be22f72efc3ce3657') in 0.031347 seconds 
========================================================================
Received Import Request.
  Time since last request: 0.011720 seconds.
  path: Assets/RPG Pack/Prefabs/BoxOfPandora.prefab
  artifactKey: Guid(efebddd0b5766bd499be8b63f581de68) Importer(815301076,1909f56bfc062723c751e8b465ee728b)
Start importing Assets/RPG Pack/Prefabs/BoxOfPandora.prefab using Guid(efebddd0b5766bd499be8b63f581de68) Importer(815301076,1909f56bfc062723c751e8b465ee728b)  -> (artifact id: 'bcc89fe4baa9a2d534a2aedb4930b682') in 0.080623 seconds 
========================================================================
Received Import Request.
  Time since last request: 0.022790 seconds.
  path: Assets/RPG Pack/Prefabs/Bottle_Mana.prefab
  artifactKey: Guid(2cf6690298568294cb6b655c0a3aeb87) Importer(815301076,1909f56bfc062723c751e8b465ee728b)
Start importing Assets/RPG Pack/Prefabs/Bottle_Mana.prefab using Guid(2cf6690298568294cb6b655c0a3aeb87) Importer(815301076,1909f56bfc062723c751e8b465ee728b)  -> (artifact id: 'd9ecd507e92861ae8ceeba436227f37e') in 0.059960 seconds 
========================================================================
Received Import Request.
  Time since last request: 0.032431 seconds.
  path: Assets/RPG Pack/Materials/Bottle_redish.mat
  artifactKey: Guid(b040ec08fafc47f408f824b93b1cd8da) Importer(815301076,1909f56bfc062723c751e8b465ee728b)
Start importing Assets/RPG Pack/Materials/Bottle_redish.mat using Guid(b040ec08fafc47f408f824b93b1cd8da) Importer(815301076,1909f56bfc062723c751e8b465ee728b)  -> (artifact id: '221f3169ac4e38ff6855bfea1138fae7') in 0.043510 seconds 
========================================================================
Received Import Request.
  Time since last request: 0.018371 seconds.
  path: Assets/RPG Pack/Materials/Bottle_blue.mat
  artifactKey: Guid(c7b5ee6d805865f4d87c945585777026) Importer(815301076,1909f56bfc062723c751e8b465ee728b)
Start importing Assets/RPG Pack/Materials/Bottle_blue.mat using Guid(c7b5ee6d805865f4d87c945585777026) Importer(815301076,1909f56bfc062723c751e8b465ee728b)  -> (artifact id: '29280ee5d00625423bcda0b82a9e99dc') in 0.045398 seconds 
========================================================================
Received Import Request.
  Time since last request: 0.053044 seconds.
  path: Assets/RPG Pack/Prefabs/Bottle_Health.prefab
  artifactKey: Guid(7cafb89b5a0f61f479d0a748962abbbc) Importer(815301076,1909f56bfc062723c751e8b465ee728b)
Start importing Assets/RPG Pack/Prefabs/Bottle_Health.prefab using Guid(7cafb89b5a0f61f479d0a748962abbbc) Importer(815301076,1909f56bfc062723c751e8b465ee728b)  -> (artifact id: 'ba8106a34601715fd0aa9c7622aae7d3') in 0.060816 seconds 
========================================================================
Received Import Request.
  Time since last request: 0.031273 seconds.
  path: Assets/RPG Pack/Textures/Coin_diffuse.png
  artifactKey: Guid(6ab5a3ea27f130647b54ca5ee121436c) Importer(815301076,1909f56bfc062723c751e8b465ee728b)
Start importing Assets/RPG Pack/Textures/Coin_diffuse.png using Guid(6ab5a3ea27f130647b54ca5ee121436c) Importer(815301076,1909f56bfc062723c751e8b465ee728b)  -> (artifact id: '551a912c888fcb6b6d10ebd6c099b51e') in 0.038844 seconds 
