Using pre-set license
Built from '2021.3/staging' branch; Version is '2021.3.21f1 (1b156197d683) revision 1774945'; Using compiler version '192829333'; Build Type 'Release'
OS: 'Windows 10  (10.0.19045) 64bit Professional' Language: 'ko' Physical Memory: 32655 MB
BatchMode: 1, IsHumanControllingUs: 0, StartBugReporterOnCrash: 0, Is64bit: 1, IsPro: 1

COMMAND LINE ARGUMENTS:
C:\Program Files\Unity\Hub\Editor\2021.3.21f1-x86_64\Editor\Unity.exe
-adb2
-batchMode
-noUpm
-name
AssetImportWorker0
-projectPath
C:/Users/JSY/Documents/GitHub/3-phase/3-phase2
-logFile
Logs/AssetImportWorker0.log
-srvPort
58500
Successfully changed project path to: C:/Users/JSY/Documents/GitHub/3-phase/3-phase2
C:/Users/JSY/Documents/GitHub/3-phase/3-phase2
[UnityMemory] Configuration Parameters - Can be set up in boot.config
    "memorysetup-bucket-allocator-granularity=16"
    "memorysetup-bucket-allocator-bucket-count=8"
    "memorysetup-bucket-allocator-block-size=33554432"
    "memorysetup-bucket-allocator-block-count=8"
    "memorysetup-main-allocator-block-size=16777216"
    "memorysetup-thread-allocator-block-size=16777216"
    "memorysetup-gfx-main-allocator-block-size=16777216"
    "memorysetup-gfx-thread-allocator-block-size=16777216"
    "memorysetup-cache-allocator-block-size=4194304"
    "memorysetup-typetree-allocator-block-size=2097152"
    "memorysetup-profiler-bucket-allocator-granularity=16"
    "memorysetup-profiler-bucket-allocator-bucket-count=8"
    "memorysetup-profiler-bucket-allocator-block-size=33554432"
    "memorysetup-profiler-bucket-allocator-block-count=8"
    "memorysetup-profiler-allocator-block-size=16777216"
    "memorysetup-profiler-editor-allocator-block-size=1048576"
    "memorysetup-temp-allocator-size-main=16777216"
    "memorysetup-job-temp-allocator-block-size=2097152"
    "memorysetup-job-temp-allocator-block-size-background=1048576"
    "memorysetup-job-temp-allocator-reduction-small-platforms=262144"
    "memorysetup-temp-allocator-size-background-worker=32768"
    "memorysetup-temp-allocator-size-job-worker=262144"
    "memorysetup-temp-allocator-size-preload-manager=33554432"
    "memorysetup-temp-allocator-size-nav-mesh-worker=65536"
    "memorysetup-temp-allocator-size-audio-worker=65536"
    "memorysetup-temp-allocator-size-cloud-worker=32768"
    "memorysetup-temp-allocator-size-gi-baking-worker=262144"
    "memorysetup-temp-allocator-size-gfx=262144"
Player connection [22052] Host "[IP] 192.168.35.148 [Port] 0 [Flags] 2 [Guid] 1891013650 [EditorId] 1891013650 [Version] 1048832 [Id] WindowsEditor(7,DESKTOP-BA5KA6I) [Debug] 1 [PackageName] WindowsEditor [ProjectName] Editor" joined multi-casting on [225.0.0.222:54997]...

Player connection [22052] Host "[IP] 192.168.35.148 [Port] 0 [Flags] 2 [Guid] 1891013650 [EditorId] 1891013650 [Version] 1048832 [Id] WindowsEditor(7,DESKTOP-BA5KA6I) [Debug] 1 [PackageName] WindowsEditor [ProjectName] Editor" joined alternative multi-casting on [225.0.0.222:34997]...

Refreshing native plugins compatible for Editor in 55.76 ms, found 3 plugins.
Preloading 0 native plugins for Editor in 0.00 ms.
Initialize engine version: 2021.3.21f1 (1b156197d683)
[Subsystems] Discovering subsystems at path C:/Program Files/Unity/Hub/Editor/2021.3.21f1-x86_64/Editor/Data/Resources/UnitySubsystems
[Subsystems] Discovering subsystems at path C:/Users/JSY/Documents/GitHub/3-phase/3-phase2/Assets
GfxDevice: creating device client; threaded=0; jobified=0
Direct3D:
    Version:  Direct3D 11.0 [level 11.1]
    Renderer: NVIDIA GeForce RTX 3060 (ID=0x2504)
    Vendor:   NVIDIA
    VRAM:     12129 MB
    Driver:   31.0.15.3168
Initialize mono
Mono path[0] = 'C:/Program Files/Unity/Hub/Editor/2021.3.21f1-x86_64/Editor/Data/Managed'
Mono path[1] = 'C:/Program Files/Unity/Hub/Editor/2021.3.21f1-x86_64/Editor/Data/MonoBleedingEdge/lib/mono/unityjit-win32'
Mono config path = 'C:/Program Files/Unity/Hub/Editor/2021.3.21f1-x86_64/Editor/Data/MonoBleedingEdge/etc'
Using monoOptions --debugger-agent=transport=dt_socket,embedding=1,server=y,suspend=n,address=127.0.0.1:56160
Begin MonoManager ReloadAssembly
Registering precompiled unity dll's ...
Register platform support module: C:/Program Files/Unity/Hub/Editor/2021.3.21f1-x86_64/Editor/Data/PlaybackEngines/WindowsStandaloneSupport/UnityEditor.WindowsStandalone.Extensions.dll
Registered in 0.011090 seconds.
Native extension for WindowsStandalone target not found
Refreshing native plugins compatible for Editor in 53.70 ms, found 3 plugins.
Preloading 0 native plugins for Editor in 0.00 ms.
Mono: successfully reloaded assembly
- Completed reload, in  0.490 seconds
Domain Reload Profiling:
	ReloadAssembly (491ms)
		BeginReloadAssembly (87ms)
			ExecutionOrderSort (0ms)
			DisableScriptedObjects (0ms)
			BackupInstance (0ms)
			ReleaseScriptingObjects (0ms)
			CreateAndSetChildDomain (0ms)
		EndReloadAssembly (317ms)
			LoadAssemblies (84ms)
			RebuildTransferFunctionScriptingTraits (0ms)
			SetupTypeCache (71ms)
			ReleaseScriptCaches (0ms)
			RebuildScriptCaches (18ms)
			SetupLoadedEditorAssemblies (187ms)
				LogAssemblyErrors (0ms)
				InitializePlatformSupportModulesInManaged (8ms)
				SetLoadedEditorAssemblies (0ms)
				RefreshPlugins (54ms)
				BeforeProcessingInitializeOnLoad (1ms)
				ProcessInitializeOnLoadAttributes (87ms)
				ProcessInitializeOnLoadMethodAttributes (38ms)
				AfterProcessingInitializeOnLoad (0ms)
				EditorAssembliesLoaded (0ms)
			ExecutionOrderSort2 (0ms)
			AwakeInstancesAfterBackupRestoration (0ms)
Platform modules already initialized, skipping
Registering precompiled user dll's ...
Registered in 0.007644 seconds.
Begin MonoManager ReloadAssembly
Symbol file LoadedFromMemory doesn't match image C:\Users\JSY\Documents\GitHub\3-phase\3-phase2\Library\PackageCache\com.unity.visualscripting@1.8.0\Editor\VisualScripting.Core\Dependencies\YamlDotNet\Unity.VisualScripting.YamlDotNet.dll
Symbol file LoadedFromMemory doesn't match image C:\Users\JSY\Documents\GitHub\3-phase\3-phase2\Library\PackageCache\com.unity.visualscripting@1.8.0\Editor\VisualScripting.Core\Dependencies\DotNetZip\Unity.VisualScripting.IonicZip.dll
Native extension for WindowsStandalone target not found
Refreshing native plugins compatible for Editor in 0.61 ms, found 3 plugins.
Preloading 0 native plugins for Editor in 0.00 ms.
Mono: successfully reloaded assembly
- Completed reload, in  0.748 seconds
Domain Reload Profiling:
	ReloadAssembly (749ms)
		BeginReloadAssembly (109ms)
			ExecutionOrderSort (0ms)
			DisableScriptedObjects (4ms)
			BackupInstance (0ms)
			ReleaseScriptingObjects (0ms)
			CreateAndSetChildDomain (14ms)
		EndReloadAssembly (551ms)
			LoadAssemblies (92ms)
			RebuildTransferFunctionScriptingTraits (0ms)
			SetupTypeCache (165ms)
			ReleaseScriptCaches (0ms)
			RebuildScriptCaches (31ms)
			SetupLoadedEditorAssemblies (254ms)
				LogAssemblyErrors (0ms)
				InitializePlatformSupportModulesInManaged (6ms)
				SetLoadedEditorAssemblies (0ms)
				RefreshPlugins (1ms)
				BeforeProcessingInitializeOnLoad (69ms)
				ProcessInitializeOnLoadAttributes (151ms)
				ProcessInitializeOnLoadMethodAttributes (13ms)
				AfterProcessingInitializeOnLoad (13ms)
				EditorAssembliesLoaded (0ms)
			ExecutionOrderSort2 (0ms)
			AwakeInstancesAfterBackupRestoration (10ms)
Platform modules already initialized, skipping
========================================================================
Worker process is ready to serve import requests
Launched and connected shader compiler UnityShaderCompiler.exe after 0.06 seconds
Refreshing native plugins compatible for Editor in 0.51 ms, found 3 plugins.
Preloading 0 native plugins for Editor in 0.00 ms.
Unloading 3055 Unused Serialized files (Serialized files now loaded: 0)
Unloading 24 unused Assets / (113.9 KB). Loaded Objects now: 3520.
Memory consumption went from 114.3 MB to 114.2 MB.
Total: 2.173500 ms (FindLiveObjects: 0.165300 ms CreateObjectMapping: 0.065000 ms MarkObjects: 1.855000 ms  DeleteObjects: 0.087600 ms)

AssetImportParameters requested are different than current active one (requested -> active):
  custom:video-decoder-ogg-theora: a1e56fd34408186e4bbccfd4996cb3dc -> 
  custom:container-muxer-webm: aa71ff27fc2769a1b78a27578f13a17b -> 
  custom:container-demuxer-webm: 4f35f7cbe854078d1ac9338744f61a02 -> 
  custom:video-encoder-webm-vp8: eb34c28f22e8b96e1ab97ce403110664 -> 
  custom:audio-encoder-webm-vorbis: bf7c407c2cedff20999df2af8eb42d56 -> 
  custom:framework-win-MediaFoundation: 216162199b28c13a410421893ffa2e32 -> 
  custom:container-demuxer-ogg: 62fdf1f143b41e24485cea50d1cbac27 -> 
  custom:video-decoder-webm-vp8: 9c59270c3fd7afecdb556c50c9e8de78 -> 
  custom:audio-decoder-ogg-vorbis: bf7c407c2cedff20999df2af8eb42d56 -> 
========================================================================
Received Import Request.
  Time since last request: 260126.432933 seconds.
  path: Assets/Old Torch/Texture/Universal Render Pipeline 1024x1024
  artifactKey: Guid(6a76784ed5e0be64db89432dd9a5b031) Importer(815301076,1909f56bfc062723c751e8b465ee728b)
Start importing Assets/Old Torch/Texture/Universal Render Pipeline 1024x1024 using Guid(6a76784ed5e0be64db89432dd9a5b031) Importer(815301076,1909f56bfc062723c751e8b465ee728b)  -> (artifact id: '871eed6483e43d52cd673fe7998670f8') in 0.010096 seconds 
========================================================================
Received Import Request.
  Time since last request: 0.005442 seconds.
  path: Assets/TileableBricksWall/Textures/Bricks_gloss.TGA
  artifactKey: Guid(0b34c0b034d10bf4fb4c1868cdfce922) Importer(815301076,1909f56bfc062723c751e8b465ee728b)
Start importing Assets/TileableBricksWall/Textures/Bricks_gloss.TGA using Guid(0b34c0b034d10bf4fb4c1868cdfce922) Importer(815301076,1909f56bfc062723c751e8b465ee728b)  -> (artifact id: '862194cdc44772353e28e05663871d5a') in 0.055537 seconds 
========================================================================
Received Import Request.
  Time since last request: 0.001972 seconds.
  path: Assets/Old Torch/Model
  artifactKey: Guid(fcaf8dad06128bd41900d6f9ba083270) Importer(815301076,1909f56bfc062723c751e8b465ee728b)
Start importing Assets/Old Torch/Model using Guid(fcaf8dad06128bd41900d6f9ba083270) Importer(815301076,1909f56bfc062723c751e8b465ee728b)  -> (artifact id: '246f382b04f0a010b3b93e76ea438f6c') in 0.004613 seconds 
========================================================================
Received Import Request.
  Time since last request: 0.006227 seconds.
  path: Assets/RPG Pack/DemoSceneSettings.lighting
  artifactKey: Guid(cebf052be255841469f646d93bc80cd6) Importer(815301076,1909f56bfc062723c751e8b465ee728b)
Start importing Assets/RPG Pack/DemoSceneSettings.lighting using Guid(cebf052be255841469f646d93bc80cd6) Importer(815301076,1909f56bfc062723c751e8b465ee728b) LightingSettings: switching bake backend from 1 to 0.
 -> (artifact id: '7be0cd3d0aefb631080bdbfe752af384') in 0.007302 seconds 
========================================================================
Received Import Request.
  Time since last request: 0.001753 seconds.
  path: Assets/Old Torch
  artifactKey: Guid(0530ca821e49f1543a37cf748d27574e) Importer(815301076,1909f56bfc062723c751e8b465ee728b)
Start importing Assets/Old Torch using Guid(0530ca821e49f1543a37cf748d27574e) Importer(815301076,1909f56bfc062723c751e8b465ee728b)  -> (artifact id: '3353b41c74fa26639f8e6132a2e20826') in 0.004698 seconds 
========================================================================
Received Import Request.
  Time since last request: 0.002658 seconds.
  path: Assets/RPG Pack/Textures/Bottles_spec.png
  artifactKey: Guid(a4fc04af690224847af00347b5ed9d23) Importer(815301076,1909f56bfc062723c751e8b465ee728b)
Start importing Assets/RPG Pack/Textures/Bottles_spec.png using Guid(a4fc04af690224847af00347b5ed9d23) Importer(815301076,1909f56bfc062723c751e8b465ee728b)  -> (artifact id: '74cd5317394e94bfc2587c50a6cefbed') in 0.020221 seconds 
========================================================================
Received Import Request.
  Time since last request: 0.003530 seconds.
  path: Assets/RPG Pack/Textures/BoxOfPandora_diffuse.png
  artifactKey: Guid(ebb57d4ee979f0f468fd27daa88b3179) Importer(815301076,1909f56bfc062723c751e8b465ee728b)
Start importing Assets/RPG Pack/Textures/BoxOfPandora_diffuse.png using Guid(ebb57d4ee979f0f468fd27daa88b3179) Importer(815301076,1909f56bfc062723c751e8b465ee728b)  -> (artifact id: 'ea8417cd51d555e6d7b602d0e79f0fd6') in 0.009737 seconds 
========================================================================
Received Import Request.
  Time since last request: 0.003332 seconds.
  path: Assets/RPG Pack/Animations/BoxCrashAC.controller
  artifactKey: Guid(1c551291519cd624eb9004fa49d4eb34) Importer(815301076,1909f56bfc062723c751e8b465ee728b)
Start importing Assets/RPG Pack/Animations/BoxCrashAC.controller using Guid(1c551291519cd624eb9004fa49d4eb34) Importer(815301076,1909f56bfc062723c751e8b465ee728b)  -> (artifact id: 'bf778099550b15eaf8c720e29dd0f0c3') in 0.008994 seconds 
========================================================================
Received Import Request.
  Time since last request: 0.002733 seconds.
  path: Assets/Old Torch/Texture/Universal Render Pipeline 2048x2048/TorchHigh_Torch_Normal.png
  artifactKey: Guid(81b5f24c9456142439fe140019904bff) Importer(815301076,1909f56bfc062723c751e8b465ee728b)
Start importing Assets/Old Torch/Texture/Universal Render Pipeline 2048x2048/TorchHigh_Torch_Normal.png using Guid(81b5f24c9456142439fe140019904bff) Importer(815301076,1909f56bfc062723c751e8b465ee728b)  -> (artifact id: '08f9f46e6d3ce3517be26e6b46a067ae') in 0.034053 seconds 
========================================================================
Received Import Request.
  Time since last request: 0.003430 seconds.
  path: Assets/RPG Pack/Animations/ItemsAC.controller
  artifactKey: Guid(972a6bb97057f2644a0b8ce0a4b89e68) Importer(815301076,1909f56bfc062723c751e8b465ee728b)
Start importing Assets/RPG Pack/Animations/ItemsAC.controller using Guid(972a6bb97057f2644a0b8ce0a4b89e68) Importer(815301076,1909f56bfc062723c751e8b465ee728b)  -> (artifact id: '88f72494393f8a62756302eab05bd316') in 0.005544 seconds 
========================================================================
Received Import Request.
  Time since last request: 0.002756 seconds.
  path: Assets/RPG Pack/DemoScene.unity
  artifactKey: Guid(b672e85a7d0caec4e9d4eb2ab05509fb) Importer(815301076,1909f56bfc062723c751e8b465ee728b)
Start importing Assets/RPG Pack/DemoScene.unity using Guid(b672e85a7d0caec4e9d4eb2ab05509fb) Importer(815301076,1909f56bfc062723c751e8b465ee728b)  -> (artifact id: '884a98d01c187ca9091c6c1475647f68') in 0.004638 seconds 
========================================================================
Received Import Request.
  Time since last request: 0.001509 seconds.
  path: Assets/RPG Pack/Materials
  artifactKey: Guid(787515ccff1baef4db732551574590ea) Importer(815301076,1909f56bfc062723c751e8b465ee728b)
Start importing Assets/RPG Pack/Materials using Guid(787515ccff1baef4db732551574590ea) Importer(815301076,1909f56bfc062723c751e8b465ee728b)  -> (artifact id: '2baa1b9fd29072d86c19010fed0cc15b') in 0.004468 seconds 
========================================================================
Received Import Request.
  Time since last request: 0.001718 seconds.
  path: Assets/Old Torch/Script
  artifactKey: Guid(0b79d2e7bf05c9a48a95039f9bc1f81b) Importer(815301076,1909f56bfc062723c751e8b465ee728b)
Start importing Assets/Old Torch/Script using Guid(0b79d2e7bf05c9a48a95039f9bc1f81b) Importer(815301076,1909f56bfc062723c751e8b465ee728b)  -> (artifact id: 'e2e1fa26d4b75a1b6343bb62c1cf5251') in 0.004565 seconds 
========================================================================
Received Import Request.
  Time since last request: 0.002706 seconds.
  path: Assets/RPG Pack/Models/Bottles/bottle_green.FBX
  artifactKey: Guid(73c33de544278cc40862c8e46858e7fd) Importer(815301076,1909f56bfc062723c751e8b465ee728b)
Start importing Assets/RPG Pack/Models/Bottles/bottle_green.FBX using Guid(73c33de544278cc40862c8e46858e7fd) Importer(815301076,1909f56bfc062723c751e8b465ee728b)  -> (artifact id: '87f5fa1b46ce076b656b7308467a56bf') in 0.046172 seconds 
========================================================================
Received Import Request.
  Time since last request: 0.007006 seconds.
  path: Assets/TileableBricksWall/Textures/Height_map.TGA
  artifactKey: Guid(c2d480cfeca8d5e418965feb1ec15754) Importer(815301076,1909f56bfc062723c751e8b465ee728b)
Start importing Assets/TileableBricksWall/Textures/Height_map.TGA using Guid(c2d480cfeca8d5e418965feb1ec15754) Importer(815301076,1909f56bfc062723c751e8b465ee728b)  -> (artifact id: '4e4dcb5ac51ca3f04cb178f8fee51afb') in 0.009492 seconds 
========================================================================
Received Import Request.
  Time since last request: 0.003436 seconds.
  path: Assets/RPG Pack/Materials/Bottle_red.mat
  artifactKey: Guid(13dcb46a756acb54487e0e6e6ad96506) Importer(815301076,1909f56bfc062723c751e8b465ee728b)
Start importing Assets/RPG Pack/Materials/Bottle_red.mat using Guid(13dcb46a756acb54487e0e6e6ad96506) Importer(815301076,1909f56bfc062723c751e8b465ee728b)  -> (artifact id: 'b32626454762f99b224fc849797601a8') in 0.024199 seconds 
========================================================================
Received Import Request.
  Time since last request: 0.010189 seconds.
  path: Assets/Old Torch/Model/TorchHighPoly.fbx
  artifactKey: Guid(7f71816a31e929a4f842252dadeeca6b) Importer(815301076,1909f56bfc062723c751e8b465ee728b)
Start importing Assets/Old Torch/Model/TorchHighPoly.fbx using Guid(7f71816a31e929a4f842252dadeeca6b) Importer(815301076,1909f56bfc062723c751e8b465ee728b)  -> (artifact id: '657607403c3742582542eb16d7b409b9') in 0.028305 seconds 
========================================================================
Received Import Request.
  Time since last request: 0.003210 seconds.
  path: Assets/RPG Pack/Models/Box.FBX
  artifactKey: Guid(bf5c3e0cc8f27e44fa80b78fbca7ac1a) Importer(815301076,1909f56bfc062723c751e8b465ee728b)
Start importing Assets/RPG Pack/Models/Box.FBX using Guid(bf5c3e0cc8f27e44fa80b78fbca7ac1a) Importer(815301076,1909f56bfc062723c751e8b465ee728b)  -> (artifact id: 'a68284267e90daa5ac714df5b6f4fab5') in 0.050315 seconds 
========================================================================
Received Import Request.
  Time since last request: 0.003028 seconds.
  path: Assets/RPG Pack/Textures/Dust_particles.tif
  artifactKey: Guid(2ad70170f6ff89d468e5694143176d6b) Importer(815301076,1909f56bfc062723c751e8b465ee728b)
Start importing Assets/RPG Pack/Textures/Dust_particles.tif using Guid(2ad70170f6ff89d468e5694143176d6b) Importer(815301076,1909f56bfc062723c751e8b465ee728b)  -> (artifact id: 'a54447755ed0f84500145d4ea8d75647') in 0.013847 seconds 
========================================================================
Received Import Request.
  Time since last request: 0.002201 seconds.
  path: Assets/Old Torch/Scenes
  artifactKey: Guid(780b3abffe2b7504682163488bdb5081) Importer(815301076,1909f56bfc062723c751e8b465ee728b)
Start importing Assets/Old Torch/Scenes using Guid(780b3abffe2b7504682163488bdb5081) Importer(815301076,1909f56bfc062723c751e8b465ee728b)  -> (artifact id: 'f40ac3bf747f403251884a7de9bad766') in 0.005062 seconds 
========================================================================
Received Import Request.
  Time since last request: 0.001504 seconds.
  path: Assets/TileableBricksWall/Materials
  artifactKey: Guid(854b33ab6831f5949a0742c3e266dfae) Importer(815301076,1909f56bfc062723c751e8b465ee728b)
Start importing Assets/TileableBricksWall/Materials using Guid(854b33ab6831f5949a0742c3e266dfae) Importer(815301076,1909f56bfc062723c751e8b465ee728b)  -> (artifact id: 'f9c88a3621bea4d321009982626b8e27') in 0.001965 seconds 
========================================================================
Received Import Request.
  Time since last request: 0.002754 seconds.
  path: Assets/DestroyItem.cs
  artifactKey: Guid(4be172066138a534a9f6039c07501b46) Importer(815301076,1909f56bfc062723c751e8b465ee728b)
Start importing Assets/DestroyItem.cs using Guid(4be172066138a534a9f6039c07501b46) Importer(815301076,1909f56bfc062723c751e8b465ee728b)  -> (artifact id: '67237271a392b9b699dcf9cc68f2c574') in 0.009863 seconds 
========================================================================
Received Import Request.
  Time since last request: 0.005669 seconds.
  path: Assets/RPG Pack/Materials/Bottle_green.mat
  artifactKey: Guid(fb276041f4776ba4ca924be1e46d1148) Importer(815301076,1909f56bfc062723c751e8b465ee728b)
Start importing Assets/RPG Pack/Materials/Bottle_green.mat using Guid(fb276041f4776ba4ca924be1e46d1148) Importer(815301076,1909f56bfc062723c751e8b465ee728b)  -> (artifact id: 'b50f1f8debb0987217892a303069f56d') in 0.010396 seconds 
========================================================================
Received Import Request.
  Time since last request: 0.003494 seconds.
  path: Assets/RPG Pack/Materials/Coin.mat
  artifactKey: Guid(78e53f773c1253e42a517e179f18734b) Importer(815301076,1909f56bfc062723c751e8b465ee728b)
Start importing Assets/RPG Pack/Materials/Coin.mat using Guid(78e53f773c1253e42a517e179f18734b) Importer(815301076,1909f56bfc062723c751e8b465ee728b)  -> (artifact id: '5cbe100ba013b8313009b5d30af66b20') in 0.153603 seconds 
========================================================================
Received Import Request.
  Time since last request: 0.003710 seconds.
  path: Assets/RPG Pack/Textures/Bottle_blue_diff.png
  artifactKey: Guid(6f8c6a1b959adeb42bf8f42c22d4cf40) Importer(815301076,1909f56bfc062723c751e8b465ee728b)
Start importing Assets/RPG Pack/Textures/Bottle_blue_diff.png using Guid(6f8c6a1b959adeb42bf8f42c22d4cf40) Importer(815301076,1909f56bfc062723c751e8b465ee728b)  -> (artifact id: 'ccefff8b2f2be36c5ba913df0f6b39e9') in 0.008953 seconds 
========================================================================
Received Import Request.
  Time since last request: 0.003419 seconds.
  path: Assets/RPG Pack/Textures/Bottle_green_diff.png
  artifactKey: Guid(11ff914debcea7740925ff23943318d9) Importer(815301076,1909f56bfc062723c751e8b465ee728b)
Start importing Assets/RPG Pack/Textures/Bottle_green_diff.png using Guid(11ff914debcea7740925ff23943318d9) Importer(815301076,1909f56bfc062723c751e8b465ee728b)  -> (artifact id: '108315fb7f44d3d44631c56b2e83da5c') in 0.009014 seconds 
========================================================================
Received Import Request.
  Time since last request: 0.003573 seconds.
  path: Assets/RPG Pack/Models/Bottles/bottle_red.FBX
  artifactKey: Guid(887a534051bdbf449b6fc141de3d5c53) Importer(815301076,1909f56bfc062723c751e8b465ee728b)
Start importing Assets/RPG Pack/Models/Bottles/bottle_red.FBX using Guid(887a534051bdbf449b6fc141de3d5c53) Importer(815301076,1909f56bfc062723c751e8b465ee728b)  -> (artifact id: '6c79baa32ed7e6968411556a9bf683f3') in 0.011056 seconds 
========================================================================
Received Import Request.
  Time since last request: 0.003692 seconds.
  path: Assets/Old Torch/Texture/Universal Render Pipeline 2048x2048/TorchHigh_Torch_AlbedoTransparency.png
  artifactKey: Guid(4ab40f643d2a1324992510c84b0521c1) Importer(815301076,1909f56bfc062723c751e8b465ee728b)
Start importing Assets/Old Torch/Texture/Universal Render Pipeline 2048x2048/TorchHigh_Torch_AlbedoTransparency.png using Guid(4ab40f643d2a1324992510c84b0521c1) Importer(815301076,1909f56bfc062723c751e8b465ee728b)  -> (artifact id: '74aa60a33ecedf8e8dd53145dbbaa3b6') in 0.009598 seconds 
========================================================================
Received Import Request.
  Time since last request: 0.003313 seconds.
  path: Assets/RPG Pack/Textures/Bottle_red_diff.png
  artifactKey: Guid(38daf72cb2e0ac0408f28c0cd87a00cf) Importer(815301076,1909f56bfc062723c751e8b465ee728b)
Start importing Assets/RPG Pack/Textures/Bottle_red_diff.png using Guid(38daf72cb2e0ac0408f28c0cd87a00cf) Importer(815301076,1909f56bfc062723c751e8b465ee728b)  -> (artifact id: '537e9dfa4539ba361614ee872edffb39') in 0.008050 seconds 
========================================================================
Received Import Request.
  Time since last request: 0.010178 seconds.
  path: Assets/RPG Pack/Materials/Bottle_yellow.mat
  artifactKey: Guid(54525619747fd944892b8baea4a96bbe) Importer(815301076,1909f56bfc062723c751e8b465ee728b)
Start importing Assets/RPG Pack/Materials/Bottle_yellow.mat using Guid(54525619747fd944892b8baea4a96bbe) Importer(815301076,1909f56bfc062723c751e8b465ee728b)  -> (artifact id: 'e58ce75f69ac6bcb2082c9a21b38ea7b') in 0.010018 seconds 
========================================================================
Received Import Request.
  Time since last request: 0.003645 seconds.
  path: Assets/RPG Pack/Models/Bottles/bottle_blue.FBX
  artifactKey: Guid(da8a393ba24fc6f49842d87b0937b84d) Importer(815301076,1909f56bfc062723c751e8b465ee728b)
Start importing Assets/RPG Pack/Models/Bottles/bottle_blue.FBX using Guid(da8a393ba24fc6f49842d87b0937b84d) Importer(815301076,1909f56bfc062723c751e8b465ee728b)  -> (artifact id: '40e473581776877eaabcfd29bfe416f2') in 0.012806 seconds 
========================================================================
Received Import Request.
  Time since last request: 0.003413 seconds.
  path: Assets/Old Torch/Model/TorchLowPoly.fbx
  artifactKey: Guid(7345dba97c8a3e84c99da5c2b67388c7) Importer(815301076,1909f56bfc062723c751e8b465ee728b)
Start importing Assets/Old Torch/Model/TorchLowPoly.fbx using Guid(7345dba97c8a3e84c99da5c2b67388c7) Importer(815301076,1909f56bfc062723c751e8b465ee728b)  -> (artifact id: '834fed6f13c4454a7b76c4c5c4031652') in 0.014427 seconds 
========================================================================
Received Import Request.
  Time since last request: 0.003501 seconds.
  path: Assets/TileableBricksWall/Materials/Bricks_01_mat.mat
  artifactKey: Guid(3abf473d50106f44c9611c2c76fd9a91) Importer(815301076,1909f56bfc062723c751e8b465ee728b)
Start importing Assets/TileableBricksWall/Materials/Bricks_01_mat.mat using Guid(3abf473d50106f44c9611c2c76fd9a91) Importer(815301076,1909f56bfc062723c751e8b465ee728b)  -> (artifact id: '206722d2d2ebc561de11156e0c8fb7f9') in 0.012545 seconds 
========================================================================
Received Import Request.
  Time since last request: 0.003416 seconds.
  path: Assets/Old Torch/Texture/HD Render Pipeline 2048x2048/TorchHigh_Torch_Normal.png
  artifactKey: Guid(3aa313aebd9d53543a69ee4990cbac65) Importer(815301076,1909f56bfc062723c751e8b465ee728b)
Start importing Assets/Old Torch/Texture/HD Render Pipeline 2048x2048/TorchHigh_Torch_Normal.png using Guid(3aa313aebd9d53543a69ee4990cbac65) Importer(815301076,1909f56bfc062723c751e8b465ee728b)  -> (artifact id: 'bfaff3afdb1be6536d56dd53cad8cc61') in 0.007760 seconds 
========================================================================
Received Import Request.
  Time since last request: 0.010314 seconds.
  path: Assets/Old Torch/Material/Old Torch (high poly).mat
  artifactKey: Guid(0f6f92941f35b9a43ade99fb59aca687) Importer(815301076,1909f56bfc062723c751e8b465ee728b)
Start importing Assets/Old Torch/Material/Old Torch (high poly).mat using Guid(0f6f92941f35b9a43ade99fb59aca687) Importer(815301076,1909f56bfc062723c751e8b465ee728b)  -> (artifact id: '1a292b8a6c98f3aa0d5fe774b5bac403') in 0.015688 seconds 
========================================================================
Received Import Request.
  Time since last request: 0.002419 seconds.
  path: Assets/Old Torch/Texture/HD Render Pipeline 1024x1024
  artifactKey: Guid(2f929e64dc854e447b858f0fe1ea4ac1) Importer(815301076,1909f56bfc062723c751e8b465ee728b)
Start importing Assets/Old Torch/Texture/HD Render Pipeline 1024x1024 using Guid(2f929e64dc854e447b858f0fe1ea4ac1) Importer(815301076,1909f56bfc062723c751e8b465ee728b)  -> (artifact id: '1ccbbb2738df28c7b538a3aacb11911e') in 0.004751 seconds 
========================================================================
Received Import Request.
  Time since last request: 0.001437 seconds.
  path: Assets/Old Torch/Prefab
  artifactKey: Guid(54331f9494e239d47a08875cab187bfd) Importer(815301076,1909f56bfc062723c751e8b465ee728b)
Start importing Assets/Old Torch/Prefab using Guid(54331f9494e239d47a08875cab187bfd) Importer(815301076,1909f56bfc062723c751e8b465ee728b)  -> (artifact id: '2f6cfad866b4afd3628f3ba757512250') in 0.004570 seconds 
========================================================================
Received Import Request.
  Time since last request: 0.003641 seconds.
  path: Assets/Old Torch/Texture/HD Render Pipeline 2048x2048/TorchHigh_Torch_MaskMap.png
  artifactKey: Guid(6b181e47df2fbbd41acb538e8c9360f9) Importer(815301076,1909f56bfc062723c751e8b465ee728b)
Start importing Assets/Old Torch/Texture/HD Render Pipeline 2048x2048/TorchHigh_Torch_MaskMap.png using Guid(6b181e47df2fbbd41acb538e8c9360f9) Importer(815301076,1909f56bfc062723c751e8b465ee728b)  -> (artifact id: 'fecb03bcec5ab80a8e307f853448af62') in 0.011443 seconds 
========================================================================
Received Import Request.
  Time since last request: 0.007314 seconds.
  path: Assets/TileableBricksWall/Textures/Bricks_diffuse.TGA
  artifactKey: Guid(e0151d2c7bc1bfc4a82177d0298dd56e) Importer(815301076,1909f56bfc062723c751e8b465ee728b)
Start importing Assets/TileableBricksWall/Textures/Bricks_diffuse.TGA using Guid(e0151d2c7bc1bfc4a82177d0298dd56e) Importer(815301076,1909f56bfc062723c751e8b465ee728b)  -> (artifact id: 'e30af89f32f5d394a9d12ed8f455e098') in 0.010014 seconds 
========================================================================
Received Import Request.
  Time since last request: 0.002232 seconds.
  path: Assets/RPG Pack/Animations
  artifactKey: Guid(f94f989dc8ba8dc4fb3553994eddd642) Importer(815301076,1909f56bfc062723c751e8b465ee728b)
Start importing Assets/RPG Pack/Animations using Guid(f94f989dc8ba8dc4fb3553994eddd642) Importer(815301076,1909f56bfc062723c751e8b465ee728b)  -> (artifact id: 'a2397d9edffb790d8a8cfdcf388fc27b') in 0.004476 seconds 
========================================================================
Received Import Request.
  Time since last request: 0.002563 seconds.
  path: Assets/RPG Pack/Materials/Dust_particles.mat
  artifactKey: Guid(566428f457572c249a5ec48d349f2488) Importer(815301076,1909f56bfc062723c751e8b465ee728b)
Start importing Assets/RPG Pack/Materials/Dust_particles.mat using Guid(566428f457572c249a5ec48d349f2488) Importer(815301076,1909f56bfc062723c751e8b465ee728b)  -> (artifact id: 'fbc60d9555b33b524609664cad67aae9') in 0.007682 seconds 
========================================================================
Received Import Request.
  Time since last request: 0.003057 seconds.
  path: Assets/MoveToTarget.cs
  artifactKey: Guid(20c725f959788a94b80ed07b70984333) Importer(815301076,1909f56bfc062723c751e8b465ee728b)
Start importing Assets/MoveToTarget.cs using Guid(20c725f959788a94b80ed07b70984333) Importer(815301076,1909f56bfc062723c751e8b465ee728b)  -> (artifact id: '852176f8212847da88deb99108242d30') in 0.002224 seconds 
========================================================================
Received Import Request.
  Time since last request: 0.002609 seconds.
  path: Assets/RPG Pack/Textures/star.png
  artifactKey: Guid(825ca8510f66cbf4cbef2df54bedb8a9) Importer(815301076,1909f56bfc062723c751e8b465ee728b)
Start importing Assets/RPG Pack/Textures/star.png using Guid(825ca8510f66cbf4cbef2df54bedb8a9) Importer(815301076,1909f56bfc062723c751e8b465ee728b)  -> (artifact id: 'eb989677bec2cee1b330ab26e9fbf1b4') in 0.008732 seconds 
========================================================================
Received Import Request.
  Time since last request: 0.003637 seconds.
  path: Assets/Old Torch/Old Torch.pdf
  artifactKey: Guid(2b4f37e382537a9438d1bc02a9138fca) Importer(815301076,1909f56bfc062723c751e8b465ee728b)
Start importing Assets/Old Torch/Old Torch.pdf using Guid(2b4f37e382537a9438d1bc02a9138fca) Importer(815301076,1909f56bfc062723c751e8b465ee728b)  -> (artifact id: 'ba67e47bde899b8353684d9087c295f1') in 0.007027 seconds 
========================================================================
Received Import Request.
  Time since last request: 0.007887 seconds.
  path: Assets/TileableBricksWall/Textures/Bricks_specular.TGA
  artifactKey: Guid(c6149616a45a3bc4d9f1c734ea63dd78) Importer(815301076,1909f56bfc062723c751e8b465ee728b)
Start importing Assets/TileableBricksWall/Textures/Bricks_specular.TGA using Guid(c6149616a45a3bc4d9f1c734ea63dd78) Importer(815301076,1909f56bfc062723c751e8b465ee728b)  -> (artifact id: 'a2353f6b0eea966ebea61e2fe04c4d64') in 0.011546 seconds 
========================================================================
Received Import Request.
  Time since last request: 0.010632 seconds.
  path: Assets/Old Torch/Scenes/Hold Torch.unity
  artifactKey: Guid(6ecf7809442bc564c99c061f827150f0) Importer(815301076,1909f56bfc062723c751e8b465ee728b)
Start importing Assets/Old Torch/Scenes/Hold Torch.unity using Guid(6ecf7809442bc564c99c061f827150f0) Importer(815301076,1909f56bfc062723c751e8b465ee728b)  -> (artifact id: '350c7381ce36655e2a2404634e4d4cb2') in 0.004563 seconds 
========================================================================
Received Import Request.
  Time since last request: 0.001499 seconds.
  path: Assets/RPG Pack/Prefabs
  artifactKey: Guid(c1d1fd12bd047fd45a1bf43d24d5b38b) Importer(815301076,1909f56bfc062723c751e8b465ee728b)
Start importing Assets/RPG Pack/Prefabs using Guid(c1d1fd12bd047fd45a1bf43d24d5b38b) Importer(815301076,1909f56bfc062723c751e8b465ee728b)  -> (artifact id: 'c4683dded88abdf9ddac12881cd82268') in 0.004685 seconds 
========================================================================
Received Import Request.
  Time since last request: 0.003306 seconds.
  path: Assets/Old Torch/Texture/Universal Render Pipeline 1024x1024/TorchLow_MetallicSmoothness.png
  artifactKey: Guid(81f55ee42d5ea3649a5c8b078df5ef1d) Importer(815301076,1909f56bfc062723c751e8b465ee728b)
Start importing Assets/Old Torch/Texture/Universal Render Pipeline 1024x1024/TorchLow_MetallicSmoothness.png using Guid(81f55ee42d5ea3649a5c8b078df5ef1d) Importer(815301076,1909f56bfc062723c751e8b465ee728b)  -> (artifact id: 'c91e74cfc25fb9c29f5b1a2b9f09bfd1') in 0.009295 seconds 
========================================================================
Received Import Request.
  Time since last request: 0.002470 seconds.
  path: Assets/Scenes
  artifactKey: Guid(6ea315d0fd7389c41b19996891e99ae3) Importer(815301076,1909f56bfc062723c751e8b465ee728b)
Start importing Assets/Scenes using Guid(6ea315d0fd7389c41b19996891e99ae3) Importer(815301076,1909f56bfc062723c751e8b465ee728b)  -> (artifact id: 'bc172811d573b296104adb4d2728db37') in 0.001876 seconds 
========================================================================
Received Import Request.
  Time since last request: 0.001537 seconds.
  path: Assets/TileableBricksWall
  artifactKey: Guid(b2eead66aefd6474cb514c6a6bbc6293) Importer(815301076,1909f56bfc062723c751e8b465ee728b)
Start importing Assets/TileableBricksWall using Guid(b2eead66aefd6474cb514c6a6bbc6293) Importer(815301076,1909f56bfc062723c751e8b465ee728b)  -> (artifact id: '1d5a64760caafd6b9bf78bb8218abbab') in 0.004518 seconds 
========================================================================
Received Import Request.
  Time since last request: 0.009874 seconds.
  path: Assets/WalkInfinite.cs
  artifactKey: Guid(f98636a0392992b438e7ee4508c5715e) Importer(815301076,1909f56bfc062723c751e8b465ee728b)
Start importing Assets/WalkInfinite.cs using Guid(f98636a0392992b438e7ee4508c5715e) Importer(815301076,1909f56bfc062723c751e8b465ee728b)  -> (artifact id: 'd3f45a25d57c988ae8ba18f77f762d5e') in 0.004665 seconds 
========================================================================
Received Import Request.
  Time since last request: 0.003013 seconds.
  path: Assets/Old Torch/Texture/Universal Render Pipeline 1024x1024/TorchLow_Normal.png
  artifactKey: Guid(c183916b4fceca14589f8d070ae00ece) Importer(815301076,1909f56bfc062723c751e8b465ee728b)
Start importing Assets/Old Torch/Texture/Universal Render Pipeline 1024x1024/TorchLow_Normal.png using Guid(c183916b4fceca14589f8d070ae00ece) Importer(815301076,1909f56bfc062723c751e8b465ee728b)  -> (artifact id: '664731b995b5a902f4c55a0f06837344') in 0.010148 seconds 
========================================================================
Received Import Request.
  Time since last request: 0.003598 seconds.
  path: Assets/Scenes/SampleScene.unity
  artifactKey: Guid(9fc0d4010bbf28b4594072e72b8655ab) Importer(815301076,1909f56bfc062723c751e8b465ee728b)
Start importing Assets/Scenes/SampleScene.unity using Guid(9fc0d4010bbf28b4594072e72b8655ab) Importer(815301076,1909f56bfc062723c751e8b465ee728b)  -> (artifact id: '8c0c49c049718a3d366e15aa778002a9') in 0.004533 seconds 
========================================================================
Received Import Request.
  Time since last request: 0.002734 seconds.
  path: Assets/Old Torch/Script/FlickLight.cs
  artifactKey: Guid(706b8fedf367d7d428b423cd8d725643) Importer(815301076,1909f56bfc062723c751e8b465ee728b)
Start importing Assets/Old Torch/Script/FlickLight.cs using Guid(706b8fedf367d7d428b423cd8d725643) Importer(815301076,1909f56bfc062723c751e8b465ee728b)  -> (artifact id: 'c9ee873d3a67dcaaf047251222506531') in 0.004518 seconds 
========================================================================
Received Import Request.
  Time since last request: 0.003244 seconds.
  path: Assets/Old Torch/Texture/Universal Render Pipeline 1024x1024/TorchLow_AlbedoTransparency.png
  artifactKey: Guid(27c2bd34f4fd0684fa60937c9d72aa6c) Importer(815301076,1909f56bfc062723c751e8b465ee728b)
Start importing Assets/Old Torch/Texture/Universal Render Pipeline 1024x1024/TorchLow_AlbedoTransparency.png using Guid(27c2bd34f4fd0684fa60937c9d72aa6c) Importer(815301076,1909f56bfc062723c751e8b465ee728b)  -> (artifact id: 'ff347d0375133a1aaf66ae31ebfe6c21') in 0.009327 seconds 
========================================================================
Received Import Request.
  Time since last request: 0.003445 seconds.
  path: Assets/RPG Pack/Models/Coin.FBX
  artifactKey: Guid(242d0c84f77361d4abc018c8b39c5d92) Importer(815301076,1909f56bfc062723c751e8b465ee728b)
Start importing Assets/RPG Pack/Models/Coin.FBX using Guid(242d0c84f77361d4abc018c8b39c5d92) Importer(815301076,1909f56bfc062723c751e8b465ee728b)  -> (artifact id: 'de75eb59208cd59138d9f5ed494135cf') in 0.010576 seconds 
========================================================================
Received Import Request.
  Time since last request: 0.002228 seconds.
  path: Assets/RPG Pack/Models
  artifactKey: Guid(c68ca6f52e8c95e42a0038f569350940) Importer(815301076,1909f56bfc062723c751e8b465ee728b)
Start importing Assets/RPG Pack/Models using Guid(c68ca6f52e8c95e42a0038f569350940) Importer(815301076,1909f56bfc062723c751e8b465ee728b)  -> (artifact id: '30ba34efcddd5c8d0380d64abe38ac57') in 0.004954 seconds 
========================================================================
Received Import Request.
  Time since last request: 0.002713 seconds.
  path: Assets/Old Torch/Texture/HD Render Pipeline 1024x1024/TorchLow_Torch.001_Normal.png
  artifactKey: Guid(6c873bf5d458c054e97b84e1a7b61686) Importer(815301076,1909f56bfc062723c751e8b465ee728b)
Start importing Assets/Old Torch/Texture/HD Render Pipeline 1024x1024/TorchLow_Torch.001_Normal.png using Guid(6c873bf5d458c054e97b84e1a7b61686) Importer(815301076,1909f56bfc062723c751e8b465ee728b)  -> (artifact id: 'af00aa1dbe295ec13c95beab6c3de400') in 0.009371 seconds 
========================================================================
Received Import Request.
  Time since last request: 0.003435 seconds.
  path: Assets/Old Torch/Prefab/TorchHighPoly.prefab
  artifactKey: Guid(22f72f122dfecfe41bc301f345b57a5d) Importer(815301076,1909f56bfc062723c751e8b465ee728b)
Start importing Assets/Old Torch/Prefab/TorchHighPoly.prefab using Guid(22f72f122dfecfe41bc301f345b57a5d) Importer(815301076,1909f56bfc062723c751e8b465ee728b)  -> (artifact id: '988a5c45a26f5167c8a36e74ac54cc79') in 0.029732 seconds 
========================================================================
Received Import Request.
  Time since last request: 0.003118 seconds.
  path: Assets/RPG Pack/Textures/sprite_radiance.tif
  artifactKey: Guid(ef5ae37d99296fc4d8dd2bc52828f008) Importer(815301076,1909f56bfc062723c751e8b465ee728b)
Start importing Assets/RPG Pack/Textures/sprite_radiance.tif using Guid(ef5ae37d99296fc4d8dd2bc52828f008) Importer(815301076,1909f56bfc062723c751e8b465ee728b)  -> (artifact id: '063de7d466eee5e49fe8e40849b6a0fb') in 0.009534 seconds 
========================================================================
Received Import Request.
  Time since last request: 0.005903 seconds.
  path: Assets/RPG Pack
  artifactKey: Guid(c0b407376cb4ca64585f6ef54501cd25) Importer(815301076,1909f56bfc062723c751e8b465ee728b)
Start importing Assets/RPG Pack using Guid(c0b407376cb4ca64585f6ef54501cd25) Importer(815301076,1909f56bfc062723c751e8b465ee728b)  -> (artifact id: 'db890c5cb234eb78316a9596e7de52c4') in 0.004768 seconds 
========================================================================
Received Import Request.
  Time since last request: 0.002701 seconds.
  path: Assets/Old Torch/Prefab/PF_Flame.prefab
  artifactKey: Guid(c14c94f4c1c004c4db9a29d80a1ef822) Importer(815301076,1909f56bfc062723c751e8b465ee728b)
Start importing Assets/Old Torch/Prefab/PF_Flame.prefab using Guid(c14c94f4c1c004c4db9a29d80a1ef822) Importer(815301076,1909f56bfc062723c751e8b465ee728b)  -> (artifact id: '08fa0133109f2e5f055c65113ec42a50') in 0.010383 seconds 
========================================================================
Received Import Request.
  Time since last request: 0.002461 seconds.
  path: Assets/RPG Pack/Textures
  artifactKey: Guid(a7ecc28292d894549b3f819677754859) Importer(815301076,1909f56bfc062723c751e8b465ee728b)
Start importing Assets/RPG Pack/Textures using Guid(a7ecc28292d894549b3f819677754859) Importer(815301076,1909f56bfc062723c751e8b465ee728b)  -> (artifact id: '8df89ba8f5867f17840db73435a264a9') in 0.004564 seconds 
========================================================================
Received Import Request.
  Time since last request: 0.002560 seconds.
  path: Assets/RPG Pack/Materials/Box_Of_Pandora.mat
  artifactKey: Guid(3f6e773f4260ae14f907c9819b40b281) Importer(815301076,1909f56bfc062723c751e8b465ee728b)
Start importing Assets/RPG Pack/Materials/Box_Of_Pandora.mat using Guid(3f6e773f4260ae14f907c9819b40b281) Importer(815301076,1909f56bfc062723c751e8b465ee728b)  -> (artifact id: 'e2bb75eac6959682225e298338dec8d5') in 0.010590 seconds 
========================================================================
Received Import Request.
  Time since last request: 0.003467 seconds.
  path: Assets/RPG Pack/Textures/Coin_normals.png
  artifactKey: Guid(e7c7ff0ad5317aa49aec0dd4869d621c) Importer(815301076,1909f56bfc062723c751e8b465ee728b)
Start importing Assets/RPG Pack/Textures/Coin_normals.png using Guid(e7c7ff0ad5317aa49aec0dd4869d621c) Importer(815301076,1909f56bfc062723c751e8b465ee728b)  -> (artifact id: '2b314b36b05ac9206b76558aaebb74b4') in 0.009660 seconds 
========================================================================
Received Import Request.
  Time since last request: 0.003610 seconds.
  path: Assets/RPG Pack/Textures/Bottles_normal.png
  artifactKey: Guid(c8e2cfcbf9c39d847a864ff5716625a2) Importer(815301076,1909f56bfc062723c751e8b465ee728b)
Start importing Assets/RPG Pack/Textures/Bottles_normal.png using Guid(c8e2cfcbf9c39d847a864ff5716625a2) Importer(815301076,1909f56bfc062723c751e8b465ee728b)  -> (artifact id: 'e505d92accd7a394e6a484d557b39ec9') in 0.008558 seconds 
========================================================================
Received Import Request.
  Time since last request: 0.002432 seconds.
  path: Assets/RPG Pack/Models/Bottles
  artifactKey: Guid(b35dac8b2b787b04b8a7e7954ba91d3d) Importer(815301076,1909f56bfc062723c751e8b465ee728b)
Start importing Assets/RPG Pack/Models/Bottles using Guid(b35dac8b2b787b04b8a7e7954ba91d3d) Importer(815301076,1909f56bfc062723c751e8b465ee728b)  -> (artifact id: 'a764788a1947c85d6bee92ede80a2a20') in 0.004477 seconds 
========================================================================
Received Import Request.
  Time since last request: 0.001321 seconds.
  path: Assets/Old Torch/Texture/HD Render Pipeline 2048x2048
  artifactKey: Guid(9827a6f0e255dce40b988d34eab02ee4) Importer(815301076,1909f56bfc062723c751e8b465ee728b)
Start importing Assets/Old Torch/Texture/HD Render Pipeline 2048x2048 using Guid(9827a6f0e255dce40b988d34eab02ee4) Importer(815301076,1909f56bfc062723c751e8b465ee728b)  -> (artifact id: 'e84dd3d47b840db58c078f4849273edf') in 0.004579 seconds 
========================================================================
Received Import Request.
  Time since last request: 0.007053 seconds.
  path: Assets/Old Torch/Material/Old Torch (low poly).mat
  artifactKey: Guid(306b9bb00496824429a51c32188d82bc) Importer(815301076,1909f56bfc062723c751e8b465ee728b)
Start importing Assets/Old Torch/Material/Old Torch (low poly).mat using Guid(306b9bb00496824429a51c32188d82bc) Importer(815301076,1909f56bfc062723c751e8b465ee728b)  -> (artifact id: '67629ccd16e218d84403cbb362164f89') in 0.012590 seconds 
========================================================================
Received Import Request.
  Time since last request: 0.004006 seconds.
  path: Assets/Old Torch/Texture/HD Render Pipeline 2048x2048/TorchHigh_Torch_BaseMap.png
  artifactKey: Guid(4f7d6d1208080a142b91d8ff317ddb34) Importer(815301076,1909f56bfc062723c751e8b465ee728b)
Start importing Assets/Old Torch/Texture/HD Render Pipeline 2048x2048/TorchHigh_Torch_BaseMap.png using Guid(4f7d6d1208080a142b91d8ff317ddb34) Importer(815301076,1909f56bfc062723c751e8b465ee728b)  -> (artifact id: '8ec86c934277482c88e54efaba66df5d') in 0.010703 seconds 
========================================================================
Received Import Request.
  Time since last request: 0.002644 seconds.
  path: Assets/TileableBricksWall/Textures
  artifactKey: Guid(1d4ba7dcabf778643b2337236c3a673f) Importer(815301076,1909f56bfc062723c751e8b465ee728b)
Start importing Assets/TileableBricksWall/Textures using Guid(1d4ba7dcabf778643b2337236c3a673f) Importer(815301076,1909f56bfc062723c751e8b465ee728b)  -> (artifact id: '68cd21787bb48dc0d3aeaa647fec2dd6') in 0.001918 seconds 
========================================================================
Received Import Request.
  Time since last request: 0.003732 seconds.
  path: Assets/Old Torch/Texture/Universal Render Pipeline 2048x2048/TorchHigh_Torch_MetallicSmoothness.png
  artifactKey: Guid(3cc6e9a09e238484a92eaeefceeb65f2) Importer(815301076,1909f56bfc062723c751e8b465ee728b)
Start importing Assets/Old Torch/Texture/Universal Render Pipeline 2048x2048/TorchHigh_Torch_MetallicSmoothness.png using Guid(3cc6e9a09e238484a92eaeefceeb65f2) Importer(815301076,1909f56bfc062723c751e8b465ee728b)  -> (artifact id: '32fbd577c7de1975724792e1496601e0') in 0.011245 seconds 
========================================================================
Received Import Request.
  Time since last request: 0.008232 seconds.
  path: Assets/RPG Pack/Prefabs/Bottle_Endurance.prefab
  artifactKey: Guid(11e31a2ebb4e6e246bcf8c0ba034a031) Importer(815301076,1909f56bfc062723c751e8b465ee728b)
Start importing Assets/RPG Pack/Prefabs/Bottle_Endurance.prefab using Guid(11e31a2ebb4e6e246bcf8c0ba034a031) Importer(815301076,1909f56bfc062723c751e8b465ee728b)  -> (artifact id: 'f78e1e809c44f3a75d0c52a5068aa965') in 0.016179 seconds 
========================================================================
Received Import Request.
  Time since last request: 0.002027 seconds.
  path: Assets/Old Torch/Texture
  artifactKey: Guid(b5f7c1abbfff416438b9fa455cfd0634) Importer(815301076,1909f56bfc062723c751e8b465ee728b)
Start importing Assets/Old Torch/Texture using Guid(b5f7c1abbfff416438b9fa455cfd0634) Importer(815301076,1909f56bfc062723c751e8b465ee728b)  -> (artifact id: 'da35394c7353fb989d1e4ead850180a3') in 0.004356 seconds 
========================================================================
Received Import Request.
  Time since last request: 0.005795 seconds.
  path: Assets/TileableBricksWall/Textures/Bricks_normal.TGA
  artifactKey: Guid(1190d41b950921e44a16b0f6319d4e97) Importer(815301076,1909f56bfc062723c751e8b465ee728b)
Start importing Assets/TileableBricksWall/Textures/Bricks_normal.TGA using Guid(1190d41b950921e44a16b0f6319d4e97) Importer(815301076,1909f56bfc062723c751e8b465ee728b)  -> (artifact id: 'a90213b6c6b8e01e10dbf38d362d9470') in 0.011534 seconds 
========================================================================
Received Import Request.
  Time since last request: 0.003901 seconds.
  path: Assets/Old Torch/Texture/Flame_frame.png
  artifactKey: Guid(0baa75090f9bf234cb5e5fe2567e181d) Importer(815301076,1909f56bfc062723c751e8b465ee728b)
Start importing Assets/Old Torch/Texture/Flame_frame.png using Guid(0baa75090f9bf234cb5e5fe2567e181d) Importer(815301076,1909f56bfc062723c751e8b465ee728b)  -> (artifact id: '643ce1e5cd7665b9d91ab2436f937bd5') in 0.008874 seconds 
========================================================================
Received Import Request.
  Time since last request: 0.006973 seconds.
  path: Assets/RPG Pack/Animations/BoxIdleAC.controller
  artifactKey: Guid(b79f87718dae8f840b98142eef90b118) Importer(815301076,1909f56bfc062723c751e8b465ee728b)
Start importing Assets/RPG Pack/Animations/BoxIdleAC.controller using Guid(b79f87718dae8f840b98142eef90b118) Importer(815301076,1909f56bfc062723c751e8b465ee728b)  -> (artifact id: '7bc9823c62ce4e3108371e9337098be6') in 0.006291 seconds 
========================================================================
Received Import Request.
  Time since last request: 0.001398 seconds.
  path: Assets/Old Torch/Texture/Universal Render Pipeline 2048x2048
  artifactKey: Guid(3b0c0cba8b75713458efb1404860d47d) Importer(815301076,1909f56bfc062723c751e8b465ee728b)
Start importing Assets/Old Torch/Texture/Universal Render Pipeline 2048x2048 using Guid(3b0c0cba8b75713458efb1404860d47d) Importer(815301076,1909f56bfc062723c751e8b465ee728b)  -> (artifact id: '0115cd0552354d795035652a84148d02') in 0.004672 seconds 
========================================================================
Received Import Request.
  Time since last request: 0.009820 seconds.
  path: Assets/Old Torch/Texture/HD Render Pipeline 1024x1024/TorchLow_Torch.001_MaskMap.png
  artifactKey: Guid(5904a1dc922ece2488f1aad3ca1baff2) Importer(815301076,1909f56bfc062723c751e8b465ee728b)
Start importing Assets/Old Torch/Texture/HD Render Pipeline 1024x1024/TorchLow_Torch.001_MaskMap.png using Guid(5904a1dc922ece2488f1aad3ca1baff2) Importer(815301076,1909f56bfc062723c751e8b465ee728b)  -> (artifact id: 'c76e398553939b97568fae3a05bb27d0') in 0.010527 seconds 
========================================================================
Received Import Request.
  Time since last request: 0.003430 seconds.
  path: Assets/RPG Pack/Prefabs/Coin.prefab
  artifactKey: Guid(5142a683d65bbf84abea6f07db9099c7) Importer(815301076,1909f56bfc062723c751e8b465ee728b)
Start importing Assets/RPG Pack/Prefabs/Coin.prefab using Guid(5142a683d65bbf84abea6f07db9099c7) Importer(815301076,1909f56bfc062723c751e8b465ee728b)  -> (artifact id: 'fe59074100f6f06acfa9607f05ed283b') in 0.009583 seconds 
========================================================================
Received Import Request.
  Time since last request: 0.001808 seconds.
  path: Assets/Old Torch/Material
  artifactKey: Guid(5d08ac6ecdced2840a60f8dd7661e217) Importer(815301076,1909f56bfc062723c751e8b465ee728b)
Start importing Assets/Old Torch/Material using Guid(5d08ac6ecdced2840a60f8dd7661e217) Importer(815301076,1909f56bfc062723c751e8b465ee728b)  -> (artifact id: '7d8cc1c8eb4cfc6846705087f9a47c11') in 0.004507 seconds 
========================================================================
Received Import Request.
  Time since last request: 0.002937 seconds.
  path: Assets/RPG Pack/Animations/BoxOfPandora_Idle.anim
  artifactKey: Guid(9f766eb0e8fc6c74ba1b27fe388f4057) Importer(815301076,1909f56bfc062723c751e8b465ee728b)
Start importing Assets/RPG Pack/Animations/BoxOfPandora_Idle.anim using Guid(9f766eb0e8fc6c74ba1b27fe388f4057) Importer(815301076,1909f56bfc062723c751e8b465ee728b)  -> (artifact id: '8976e5089217c54cdbbfb4a121929c0f') in 0.007577 seconds 
========================================================================
Received Import Request.
  Time since last request: 0.003218 seconds.
  path: Assets/RPG Pack/Prefabs/BoxOfPandora.prefab
  artifactKey: Guid(efebddd0b5766bd499be8b63f581de68) Importer(815301076,1909f56bfc062723c751e8b465ee728b)
Start importing Assets/RPG Pack/Prefabs/BoxOfPandora.prefab using Guid(efebddd0b5766bd499be8b63f581de68) Importer(815301076,1909f56bfc062723c751e8b465ee728b)  -> (artifact id: '296d78b44ebbb6ff4def8a3a967bd9af') in 0.017620 seconds 
========================================================================
Received Import Request.
  Time since last request: 0.003299 seconds.
  path: Assets/RPG Pack/Prefabs/Bottle_Mana.prefab
  artifactKey: Guid(2cf6690298568294cb6b655c0a3aeb87) Importer(815301076,1909f56bfc062723c751e8b465ee728b)
Start importing Assets/RPG Pack/Prefabs/Bottle_Mana.prefab using Guid(2cf6690298568294cb6b655c0a3aeb87) Importer(815301076,1909f56bfc062723c751e8b465ee728b)  -> (artifact id: '6986b47674e65eee573cb0c8e7863a2d') in 0.015072 seconds 
========================================================================
Received Import Request.
  Time since last request: 0.003256 seconds.
  path: Assets/TileableBricksWall/Materials/Bricks_01_mat2.mat
  artifactKey: Guid(333a08b54ec5eec4f84f74d910ad751e) Importer(815301076,1909f56bfc062723c751e8b465ee728b)
Start importing Assets/TileableBricksWall/Materials/Bricks_01_mat2.mat using Guid(333a08b54ec5eec4f84f74d910ad751e) Importer(815301076,1909f56bfc062723c751e8b465ee728b)  -> (artifact id: '40fee08e9c5c33a574dbb784f5760ce7') in 0.098966 seconds 
========================================================================
Received Import Request.
  Time since last request: 0.003187 seconds.
  path: Assets/RPG Pack/Materials/Bottle_redish.mat
  artifactKey: Guid(b040ec08fafc47f408f824b93b1cd8da) Importer(815301076,1909f56bfc062723c751e8b465ee728b)
Start importing Assets/RPG Pack/Materials/Bottle_redish.mat using Guid(b040ec08fafc47f408f824b93b1cd8da) Importer(815301076,1909f56bfc062723c751e8b465ee728b)  -> (artifact id: 'bbcc00b1cb033bed80a35d43b1fd1718') in 0.011082 seconds 
========================================================================
Received Import Request.
  Time since last request: 0.010151 seconds.
  path: Assets/RPG Pack/Materials/Bottle_blue.mat
  artifactKey: Guid(c7b5ee6d805865f4d87c945585777026) Importer(815301076,1909f56bfc062723c751e8b465ee728b)
Start importing Assets/RPG Pack/Materials/Bottle_blue.mat using Guid(c7b5ee6d805865f4d87c945585777026) Importer(815301076,1909f56bfc062723c751e8b465ee728b)  -> (artifact id: '2f1a9d176b70ebf1a2a639b0c7ebecb9') in 0.011227 seconds 
========================================================================
Received Import Request.
  Time since last request: 0.003375 seconds.
  path: Assets/Old Torch/Material/Flame_Material.mat
  artifactKey: Guid(6bce94b90fc7bcb48a509e80d03ac628) Importer(815301076,1909f56bfc062723c751e8b465ee728b)
Start importing Assets/Old Torch/Material/Flame_Material.mat using Guid(6bce94b90fc7bcb48a509e80d03ac628) Importer(815301076,1909f56bfc062723c751e8b465ee728b)  -> (artifact id: '38695a9cc4f2991dfc05521d3129e3eb') in 0.010317 seconds 
========================================================================
Received Import Request.
  Time since last request: 0.003684 seconds.
  path: Assets/Old Torch/Texture/HD Render Pipeline 1024x1024/TorchLow_Torch.001_BaseMap.png
  artifactKey: Guid(58c3eb78696c267458519c71c0512a75) Importer(815301076,1909f56bfc062723c751e8b465ee728b)
Start importing Assets/Old Torch/Texture/HD Render Pipeline 1024x1024/TorchLow_Torch.001_BaseMap.png using Guid(58c3eb78696c267458519c71c0512a75) Importer(815301076,1909f56bfc062723c751e8b465ee728b)  -> (artifact id: '013138caa0da9cc3575c7d21aee266ef') in 0.009735 seconds 
========================================================================
Received Import Request.
  Time since last request: 0.003833 seconds.
  path: Assets/RPG Pack/Prefabs/Bottle_Health.prefab
  artifactKey: Guid(7cafb89b5a0f61f479d0a748962abbbc) Importer(815301076,1909f56bfc062723c751e8b465ee728b)
Start importing Assets/RPG Pack/Prefabs/Bottle_Health.prefab using Guid(7cafb89b5a0f61f479d0a748962abbbc) Importer(815301076,1909f56bfc062723c751e8b465ee728b)  -> (artifact id: '06ed35dbda3a6ed0c462d9298bac5260') in 0.015266 seconds 
========================================================================
Received Import Request.
  Time since last request: 0.007845 seconds.
  path: Assets/Old Torch/Prefab/TorchLowPoly.prefab
  artifactKey: Guid(555f892913b6d9a41b5b01bfa52217e9) Importer(815301076,1909f56bfc062723c751e8b465ee728b)
Start importing Assets/Old Torch/Prefab/TorchLowPoly.prefab using Guid(555f892913b6d9a41b5b01bfa52217e9) Importer(815301076,1909f56bfc062723c751e8b465ee728b)  -> (artifact id: '69aca6a269c5143823c669c4410d39a5') in 0.012120 seconds 
========================================================================
Received Import Request.
  Time since last request: 0.003348 seconds.
  path: Assets/RPG Pack/Textures/Coin_diffuse.png
  artifactKey: Guid(6ab5a3ea27f130647b54ca5ee121436c) Importer(815301076,1909f56bfc062723c751e8b465ee728b)
Start importing Assets/RPG Pack/Textures/Coin_diffuse.png using Guid(6ab5a3ea27f130647b54ca5ee121436c) Importer(815301076,1909f56bfc062723c751e8b465ee728b)  -> (artifact id: '4fca9f86e48d26746f8eb71743fbcfc9') in 0.009872 seconds 
